/usr/bin/ld: CMakeFiles/server.dir/src/disc.cpp.o: warning: relocation against `_ZN3Box2r0E' in read-only section `.text._ZN3Box12updateStatusEv[_ZN3Box12updateStatusEv]'
/usr/bin/ld: CMakeFiles/server.dir/src/disc.cpp.o: in function `findPath(Box*, Box*, QuadTree*, int&)':
disc.cpp:(.text+0x153): undefined reference to `BoxIter::BoxIter(Box const*, int)'
/usr/bin/ld: disc.cpp:(.text+0x163): undefined reference to `BoxIter::First()'
/usr/bin/ld: disc.cpp:(.text+0x19e): undefined reference to `BoxIter::Next()'
/usr/bin/ld: disc.cpp:(.text+0x1b5): undefined reference to `BoxIter::End()'
/usr/bin/ld: disc.cpp:(.text+0x3d8): undefined reference to `BoxIter::BoxIter(Box const*, int)'
/usr/bin/ld: disc.cpp:(.text+0x3e8): undefined reference to `BoxIter::First()'
/usr/bin/ld: disc.cpp:(.text+0x4ae): undefined reference to `BoxIter::Next()'
/usr/bin/ld: disc.cpp:(.text+0x4cd): undefined reference to `BoxIter::End()'
/usr/bin/ld: CMakeFiles/server.dir/src/disc.cpp.o: in function `genEmptyTree()':
disc.cpp:(.text+0x9f0): undefined reference to `Box::r0'
/usr/bin/ld: CMakeFiles/server.dir/src/disc.cpp.o: in function `run()':
disc.cpp:(.text+0xb53): undefined reference to `Timer::Timer()'
/usr/bin/ld: disc.cpp:(.text+0xb5f): undefined reference to `Timer::start()'
/usr/bin/ld: disc.cpp:(.text+0xf8f): undefined reference to `Timer::stop()'
/usr/bin/ld: disc.cpp:(.text+0xfe9): undefined reference to `Timer::getElapsedTimeInMilliSec()'
/usr/bin/ld: disc.cpp:(.text+0x1250): undefined reference to `Timer::~Timer()'
/usr/bin/ld: disc.cpp:(.text+0x1274): undefined reference to `Timer::~Timer()'
/usr/bin/ld: CMakeFiles/server.dir/src/disc.cpp.o: in function `parseConfigFile(Box*)':
disc.cpp:(.text+0x149d): undefined reference to `fileProcessor(std::__cxx11::basic_string<char, std::char_traits<char>, std::allocator<char> >)'
/usr/bin/ld: disc.cpp:(.text+0x194d): undefined reference to `Wall::Wall(Corner*, Corner*)'
/usr/bin/ld: disc.cpp:(.text+0x19e6): undefined reference to `Wall::Wall(Corner*, Corner*)'
/usr/bin/ld: CMakeFiles/server.dir/src/disc.cpp.o: in function `Box::Box(double, double, double, double)':
disc.cpp:(.text._ZN3BoxC2Edddd[_ZN3BoxC5Edddd]+0x179): undefined reference to `Box::counter'
/usr/bin/ld: CMakeFiles/server.dir/src/disc.cpp.o: in function `Box::updateStatus()':
disc.cpp:(.text._ZN3Box12updateStatusEv[_ZN3Box12updateStatusEv]+0x3d): undefined reference to `Box::r0'
/usr/bin/ld: disc.cpp:(.text._ZN3Box12updateStatusEv[_ZN3Box12updateStatusEv]+0x57): undefined reference to `Box::r0'
/usr/bin/ld: disc.cpp:(.text._ZN3Box12updateStatusEv[_ZN3Box12updateStatusEv]+0x65): undefined reference to `Box::r0'
/usr/bin/ld: disc.cpp:(.text._ZN3Box12updateStatusEv[_ZN3Box12updateStatusEv]+0x132): undefined reference to `Corner::intersectZone()'
/usr/bin/ld: disc.cpp:(.text._ZN3Box12updateStatusEv[_ZN3Box12updateStatusEv]+0x208): undefined reference to `Wall::distance(double, double)'
/usr/bin/ld: disc.cpp:(.text._ZN3Box12updateStatusEv[_ZN3Box12updateStatusEv]+0x245): undefined reference to `Wall::intersectZone()'
/usr/bin/ld: CMakeFiles/server.dir/src/disc.cpp.o: in function `Box::checkChildStatus(double, double)':
disc.cpp:(.text._ZN3Box16checkChildStatusEdd[_ZN3Box16checkChildStatusEdd]+0x8c): undefined reference to `Wall::distance(double, double)'
/usr/bin/ld: disc.cpp:(.text._ZN3Box16checkChildStatusEdd[_ZN3Box16checkChildStatusEdd]+0x273): undefined reference to `Wall::isRight(double, double)'
/usr/bin/ld: disc.cpp:(.text._ZN3Box16checkChildStatusEdd[_ZN3Box16checkChildStatusEdd]+0x289): undefined reference to `Corner::isConvex()'
/usr/bin/ld: CMakeFiles/server.dir/src/disc.cpp.o: in function `Box::split(double)':
disc.cpp:(.text._ZN3Box5splitEd[_ZN3Box5splitEd]+0x9d): undefined reference to `Box::counter'
/usr/bin/ld: disc.cpp:(.text._ZN3Box5splitEd[_ZN3Box5splitEd]+0xa6): undefined reference to `Box::counter'
/usr/bin/ld: disc.cpp:(.text._ZN3Box5splitEd[_ZN3Box5splitEd]+0x4be): undefined reference to `BoxIter::BoxIter(Box const*, int)'
/usr/bin/ld: disc.cpp:(.text._ZN3Box5splitEd[_ZN3Box5splitEd]+0x4ce): undefined reference to `BoxIter::First()'
/usr/bin/ld: disc.cpp:(.text._ZN3Box5splitEd[_ZN3Box5splitEd]+0x659): undefined reference to `BoxIter::Next()'
/usr/bin/ld: disc.cpp:(.text._ZN3Box5splitEd[_ZN3Box5splitEd]+0x669): undefined reference to `BoxIter::End()'
/usr/bin/ld: CMakeFiles/server.dir/src/disc.cpp.o: in function `PQCmp3::operator()(Box const*, Box const*)':
disc.cpp:(.text._ZN6PQCmp3clEPK3BoxS2_[_ZN6PQCmp3clEPK3BoxS2_]+0x21): undefined reference to `bta'
/usr/bin/ld: disc.cpp:(.text._ZN6PQCmp3clEPK3BoxS2_[_ZN6PQCmp3clEPK3BoxS2_]+0x3a): undefined reference to `bta'
/usr/bin/ld: disc.cpp:(.text._ZN6PQCmp3clEPK3BoxS2_[_ZN6PQCmp3clEPK3BoxS2_]+0x53): undefined reference to `bta'
/usr/bin/ld: disc.cpp:(.text._ZN6PQCmp3clEPK3BoxS2_[_ZN6PQCmp3clEPK3BoxS2_]+0x6c): undefined reference to `bta'
/usr/bin/ld: disc.cpp:(.text._ZN6PQCmp3clEPK3BoxS2_[_ZN6PQCmp3clEPK3BoxS2_]+0x89): undefined reference to `bta'
/usr/bin/ld: CMakeFiles/server.dir/src/disc.cpp.o:disc.cpp:(.text._ZN6PQCmp3clEPK3BoxS2_[_ZN6PQCmp3clEPK3BoxS2_]+0xa2): more undefined references to `bta' follow
/usr/bin/ld: CMakeFiles/server.dir/src/disc.cpp.o: in function `QuadTree::unionAdjacent(Box*)':
disc.cpp:(.text._ZN8QuadTree13unionAdjacentEP3Box[_ZN8QuadTree13unionAdjacentEP3Box]+0x3e): undefined reference to `BoxIter::BoxIter(Box const*, int)'
/usr/bin/ld: disc.cpp:(.text._ZN8QuadTree13unionAdjacentEP3Box[_ZN8QuadTree13unionAdjacentEP3Box]+0x4e): undefined reference to `BoxIter::First()'
/usr/bin/ld: disc.cpp:(.text._ZN8QuadTree13unionAdjacentEP3Box[_ZN8QuadTree13unionAdjacentEP3Box]+0x85): undefined reference to `BoxIter::Next()'
/usr/bin/ld: disc.cpp:(.text._ZN8QuadTree13unionAdjacentEP3Box[_ZN8QuadTree13unionAdjacentEP3Box]+0x9c): undefined reference to `BoxIter::End()'
/usr/bin/ld: warning: creating DT_TEXTREL in a PIE
collect2: error: ld returned 1 exit status
gmake[2]: *** [CMakeFiles/server.dir/build.make:97: server] Error 1
gmake[1]: *** [CMakeFiles/Makefile2:137: CMakeFiles/server.dir/all] Error 2
gmake: *** [Makefile:146: all] Error 2
