[0.042s] Invoking command in '/home/ericlin/ros/ros-system/src/pathserver/build/pathserver': CMAKE_PREFIX_PATH=/opt/ros/humble /usr/bin/cmake /home/ericlin/ros/ros-system/src/pathserver -DCMAKE_INSTALL_PREFIX=/home/ericlin/ros/ros-system/src/pathserver/install/pathserver
[0.228s] -- The C compiler identification is GNU 11.4.0
[0.879s] -- The CXX compiler identification is GNU 11.4.0
[1.370s] -- Detecting C compiler ABI info
[1.515s] -- Detecting C compiler ABI info - done
[1.521s] -- Check for working C compiler: /usr/bin/cc - skipped
[1.523s] -- Detecting C compile features
[1.524s] -- Detecting C compile features - done
[1.527s] -- Detecting CXX compiler ABI info
[1.696s] -- Detecting CXX compiler ABI info - done
[1.703s] -- Check for working CXX compiler: /usr/bin/c++ - skipped
[1.703s] -- Detecting CXX compile features
[1.704s] -- Detecting CXX compile features - done
[1.710s] -- Found ament_cmake: 1.3.7 (/opt/ros/humble/share/ament_cmake/cmake)
[1.836s] -- Found Python3: /usr/bin/python3.10 (found version "3.10.12") found components: Interpreter 
[1.968s] -- Configuring done
[1.972s] -- Generating done
[1.972s] -- Build files have been written to: /home/ericlin/ros/ros-system/src/pathserver/build/pathserver
[1.976s] Invoked command in '/home/ericlin/ros/ros-system/src/pathserver/build/pathserver' returned '0': CMAKE_PREFIX_PATH=/opt/ros/humble /usr/bin/cmake /home/ericlin/ros/ros-system/src/pathserver -DCMAKE_INSTALL_PREFIX=/home/ericlin/ros/ros-system/src/pathserver/install/pathserver
[1.977s] Invoking command in '/home/ericlin/ros/ros-system/src/pathserver/build/pathserver': CMAKE_PREFIX_PATH=/opt/ros/humble /usr/bin/cmake --build /home/ericlin/ros/ros-system/src/pathserver/build/pathserver -- -j12 -l12
[2.003s] [ 50%] [32mBuilding CXX object CMakeFiles/server.dir/src/disc.cpp.o[0m
[2.688s] [100%] [32m[1mLinking CXX executable server[0m
[2.833s] /usr/bin/ld: CMakeFiles/server.dir/src/disc.cpp.o: warning: relocation against `_ZN3Box2r0E' in read-only section `.text._ZN3Box12updateStatusEv[_ZN3Box12updateStatusEv]'
[2.840s] /usr/bin/ld: CMakeFiles/server.dir/src/disc.cpp.o: in function `findPath(Box*, Box*, QuadTree*, int&)':
[2.840s] disc.cpp:(.text+0x153): undefined reference to `BoxIter::BoxIter(Box const*, int)'
[2.841s] /usr/bin/ld: disc.cpp:(.text+0x163): undefined reference to `BoxIter::First()'
[2.841s] /usr/bin/ld: disc.cpp:(.text+0x19e): undefined reference to `BoxIter::Next()'
[2.841s] /usr/bin/ld: disc.cpp:(.text+0x1b5): undefined reference to `BoxIter::End()'
[2.841s] /usr/bin/ld: disc.cpp:(.text+0x3d8): undefined reference to `BoxIter::BoxIter(Box const*, int)'
[2.841s] /usr/bin/ld: disc.cpp:(.text+0x3e8): undefined reference to `BoxIter::First()'
[2.841s] /usr/bin/ld: disc.cpp:(.text+0x4ae): undefined reference to `BoxIter::Next()'
[2.842s] /usr/bin/ld: disc.cpp:(.text+0x4cd): undefined reference to `BoxIter::End()'
[2.842s] /usr/bin/ld: CMakeFiles/server.dir/src/disc.cpp.o: in function `genEmptyTree()':
[2.842s] disc.cpp:(.text+0x9f0): undefined reference to `Box::r0'
[2.842s] /usr/bin/ld: CMakeFiles/server.dir/src/disc.cpp.o: in function `run()':
[2.842s] disc.cpp:(.text+0xb53): undefined reference to `Timer::Timer()'
[2.842s] /usr/bin/ld: disc.cpp:(.text+0xb5f): undefined reference to `Timer::start()'
[2.843s] /usr/bin/ld: disc.cpp:(.text+0xf8f): undefined reference to `Timer::stop()'
[2.843s] /usr/bin/ld: disc.cpp:(.text+0xfe9): undefined reference to `Timer::getElapsedTimeInMilliSec()'
[2.843s] /usr/bin/ld: disc.cpp:(.text+0x1250): undefined reference to `Timer::~Timer()'
[2.843s] /usr/bin/ld: disc.cpp:(.text+0x1274): undefined reference to `Timer::~Timer()'
[2.843s] /usr/bin/ld: CMakeFiles/server.dir/src/disc.cpp.o: in function `parseConfigFile(Box*)':
[2.843s] disc.cpp:(.text+0x149d): undefined reference to `fileProcessor(std::__cxx11::basic_string<char, std::char_traits<char>, std::allocator<char> >)'
[2.844s] /usr/bin/ld: disc.cpp:(.text+0x194d): undefined reference to `Wall::Wall(Corner*, Corner*)'
[2.844s] /usr/bin/ld: disc.cpp:(.text+0x19e6): undefined reference to `Wall::Wall(Corner*, Corner*)'
[2.844s] /usr/bin/ld: CMakeFiles/server.dir/src/disc.cpp.o: in function `Box::Box(double, double, double, double)':
[2.844s] disc.cpp:(.text._ZN3BoxC2Edddd[_ZN3BoxC5Edddd]+0x179): undefined reference to `Box::counter'
[2.844s] /usr/bin/ld: CMakeFiles/server.dir/src/disc.cpp.o: in function `Box::updateStatus()':
[2.844s] disc.cpp:(.text._ZN3Box12updateStatusEv[_ZN3Box12updateStatusEv]+0x3d): undefined reference to `Box::r0'
[2.844s] /usr/bin/ld: disc.cpp:(.text._ZN3Box12updateStatusEv[_ZN3Box12updateStatusEv]+0x57): undefined reference to `Box::r0'
[2.844s] /usr/bin/ld: disc.cpp:(.text._ZN3Box12updateStatusEv[_ZN3Box12updateStatusEv]+0x65): undefined reference to `Box::r0'
[2.844s] /usr/bin/ld: disc.cpp:(.text._ZN3Box12updateStatusEv[_ZN3Box12updateStatusEv]+0x132): undefined reference to `Corner::intersectZone()'
[2.844s] /usr/bin/ld: disc.cpp:(.text._ZN3Box12updateStatusEv[_ZN3Box12updateStatusEv]+0x208): undefined reference to `Wall::distance(double, double)'
[2.844s] /usr/bin/ld: disc.cpp:(.text._ZN3Box12updateStatusEv[_ZN3Box12updateStatusEv]+0x245): undefined reference to `Wall::intersectZone()'
[2.844s] /usr/bin/ld: CMakeFiles/server.dir/src/disc.cpp.o: in function `Box::checkChildStatus(double, double)':
[2.844s] disc.cpp:(.text._ZN3Box16checkChildStatusEdd[_ZN3Box16checkChildStatusEdd]+0x8c): undefined reference to `Wall::distance(double, double)'
[2.844s] /usr/bin/ld: disc.cpp:(.text._ZN3Box16checkChildStatusEdd[_ZN3Box16checkChildStatusEdd]+0x273): undefined reference to `Wall::isRight(double, double)'
[2.844s] /usr/bin/ld: disc.cpp:(.text._ZN3Box16checkChildStatusEdd[_ZN3Box16checkChildStatusEdd]+0x289): undefined reference to `Corner::isConvex()'
[2.844s] /usr/bin/ld: CMakeFiles/server.dir/src/disc.cpp.o: in function `Box::split(double)':
[2.845s] disc.cpp:(.text._ZN3Box5splitEd[_ZN3Box5splitEd]+0x9d): undefined reference to `Box::counter'
[2.845s] /usr/bin/ld: disc.cpp:(.text._ZN3Box5splitEd[_ZN3Box5splitEd]+0xa6): undefined reference to `Box::counter'
[2.845s] /usr/bin/ld: disc.cpp:(.text._ZN3Box5splitEd[_ZN3Box5splitEd]+0x4be): undefined reference to `BoxIter::BoxIter(Box const*, int)'
[2.845s] /usr/bin/ld: disc.cpp:(.text._ZN3Box5splitEd[_ZN3Box5splitEd]+0x4ce): undefined reference to `BoxIter::First()'
[2.845s] /usr/bin/ld: disc.cpp:(.text._ZN3Box5splitEd[_ZN3Box5splitEd]+0x659): undefined reference to `BoxIter::Next()'
[2.845s] /usr/bin/ld: disc.cpp:(.text._ZN3Box5splitEd[_ZN3Box5splitEd]+0x669): undefined reference to `BoxIter::End()'
[2.845s] /usr/bin/ld: CMakeFiles/server.dir/src/disc.cpp.o: in function `PQCmp3::operator()(Box const*, Box const*)':
[2.845s] disc.cpp:(.text._ZN6PQCmp3clEPK3BoxS2_[_ZN6PQCmp3clEPK3BoxS2_]+0x21): undefined reference to `bta'
[2.845s] /usr/bin/ld: disc.cpp:(.text._ZN6PQCmp3clEPK3BoxS2_[_ZN6PQCmp3clEPK3BoxS2_]+0x3a): undefined reference to `bta'
[2.845s] /usr/bin/ld: disc.cpp:(.text._ZN6PQCmp3clEPK3BoxS2_[_ZN6PQCmp3clEPK3BoxS2_]+0x53): undefined reference to `bta'
[2.845s] /usr/bin/ld: disc.cpp:(.text._ZN6PQCmp3clEPK3BoxS2_[_ZN6PQCmp3clEPK3BoxS2_]+0x6c): undefined reference to `bta'
[2.845s] /usr/bin/ld: disc.cpp:(.text._ZN6PQCmp3clEPK3BoxS2_[_ZN6PQCmp3clEPK3BoxS2_]+0x89): undefined reference to `bta'
[2.845s] /usr/bin/ld: CMakeFiles/server.dir/src/disc.cpp.o:disc.cpp:(.text._ZN6PQCmp3clEPK3BoxS2_[_ZN6PQCmp3clEPK3BoxS2_]+0xa2): more undefined references to `bta' follow
[2.845s] /usr/bin/ld: CMakeFiles/server.dir/src/disc.cpp.o: in function `QuadTree::unionAdjacent(Box*)':
[2.845s] disc.cpp:(.text._ZN8QuadTree13unionAdjacentEP3Box[_ZN8QuadTree13unionAdjacentEP3Box]+0x3e): undefined reference to `BoxIter::BoxIter(Box const*, int)'
[2.845s] /usr/bin/ld: disc.cpp:(.text._ZN8QuadTree13unionAdjacentEP3Box[_ZN8QuadTree13unionAdjacentEP3Box]+0x4e): undefined reference to `BoxIter::First()'
[2.845s] /usr/bin/ld: disc.cpp:(.text._ZN8QuadTree13unionAdjacentEP3Box[_ZN8QuadTree13unionAdjacentEP3Box]+0x85): undefined reference to `BoxIter::Next()'
[2.845s] /usr/bin/ld: disc.cpp:(.text._ZN8QuadTree13unionAdjacentEP3Box[_ZN8QuadTree13unionAdjacentEP3Box]+0x9c): undefined reference to `BoxIter::End()'
[2.847s] /usr/bin/ld: warning: creating DT_TEXTREL in a PIE
[2.848s] collect2: error: ld returned 1 exit status
[2.849s] gmake[2]: *** [CMakeFiles/server.dir/build.make:97: server] Error 1
[2.849s] gmake[1]: *** [CMakeFiles/Makefile2:137: CMakeFiles/server.dir/all] Error 2
[2.849s] gmake: *** [Makefile:146: all] Error 2
[2.850s] Invoked command in '/home/ericlin/ros/ros-system/src/pathserver/build/pathserver' returned '2': CMAKE_PREFIX_PATH=/opt/ros/humble /usr/bin/cmake --build /home/ericlin/ros/ros-system/src/pathserver/build/pathserver -- -j12 -l12
