-- Found ament_cmake: 1.3.7 (/opt/ros/humble/share/ament_cmake/cmake)
-- Configuring done
-- Generating done
-- Build files have been written to: /home/ericlin/ros/ros-system/src/pathserver/build/pathserver
[35m[1mConsolidate compiler generated dependencies of target server[0m
[ 37%] [32mBuilding CXX object CMakeFiles/server.dir/src/Timer.cpp.o[0m
[ 37%] [32mBuilding CXX object CMakeFiles/server.dir/src/Corner.cpp.o[0m
[ 37%] [32mBuilding CXX object CMakeFiles/server.dir/src/QuadTree.cpp.o[0m
[ 50%] [32mBuilding CXX object CMakeFiles/server.dir/src/Wall.cpp.o[0m
[ 62%] [32mBuilding CXX object CMakeFiles/server.dir/src/fileProcessor.cpp.o[0m
[ 75%] [32m[1mLinking CXX executable server[0m
/usr/bin/ld: CMakeFiles/server.dir/src/disc.cpp.o: warning: relocation against `bta' in read-only section `.text._ZN6PQCmp3clEPK3BoxS2_[_ZN6PQCmp3clEPK3BoxS2_]'
/usr/bin/ld: CMakeFiles/server.dir/src/disc.cpp.o: in function `PQCmp3::operator()(Box const*, Box const*)':
disc.cpp:(.text._ZN6PQCmp3clEPK3BoxS2_[_ZN6PQCmp3clEPK3BoxS2_]+0x21): undefined reference to `bta'
/usr/bin/ld: disc.cpp:(.text._ZN6PQCmp3clEPK3BoxS2_[_ZN6PQCmp3clEPK3BoxS2_]+0x3a): undefined reference to `bta'
/usr/bin/ld: disc.cpp:(.text._ZN6PQCmp3clEPK3BoxS2_[_ZN6PQCmp3clEPK3BoxS2_]+0x53): undefined reference to `bta'
/usr/bin/ld: disc.cpp:(.text._ZN6PQCmp3clEPK3BoxS2_[_ZN6PQCmp3clEPK3BoxS2_]+0x6c): undefined reference to `bta'
/usr/bin/ld: disc.cpp:(.text._ZN6PQCmp3clEPK3BoxS2_[_ZN6PQCmp3clEPK3BoxS2_]+0x89): undefined reference to `bta'
/usr/bin/ld: CMakeFiles/server.dir/src/disc.cpp.o:disc.cpp:(.text._ZN6PQCmp3clEPK3BoxS2_[_ZN6PQCmp3clEPK3BoxS2_]+0xa2): more undefined references to `bta' follow
/usr/bin/ld: warning: creating DT_TEXTREL in a PIE
collect2: error: ld returned 1 exit status
gmake[2]: *** [CMakeFiles/server.dir/build.make:193: server] Error 1
gmake[1]: *** [CMakeFiles/Makefile2:137: CMakeFiles/server.dir/all] Error 2
gmake: *** [Makefile:146: all] Error 2
