[0.043s] Invoking command in '/home/ericlin/ros/ros-system/src/pathserver/build/pathserver': CMAKE_PREFIX_PATH=/opt/ros/humble /usr/bin/cmake --build /home/ericlin/ros/ros-system/src/pathserver/build/pathserver -- -j12 -l12
[0.059s] -- Found ament_cmake: 1.3.7 (/opt/ros/humble/share/ament_cmake/cmake)
[0.220s] -- Configuring done
[0.224s] -- Generating done
[0.225s] -- Build files have been written to: /home/ericlin/ros/ros-system/src/pathserver/build/pathserver
[0.237s] [35m[1mConsolidate compiler generated dependencies of target server[0m
[0.246s] [ 37%] [32mBuilding CXX object CMakeFiles/server.dir/src/Timer.cpp.o[0m
[0.247s] [ 37%] [32mBuilding CXX object CMakeFiles/server.dir/src/Corner.cpp.o[0m
[0.247s] [ 37%] [32mBuilding CXX object CMakeFiles/server.dir/src/QuadTree.cpp.o[0m
[0.247s] [ 50%] [32mBuilding CXX object CMakeFiles/server.dir/src/Wall.cpp.o[0m
[0.247s] [ 62%] [32mBuilding CXX object CMakeFiles/server.dir/src/fileProcessor.cpp.o[0m
[0.739s] [ 75%] [32m[1mLinking CXX executable server[0m
[0.885s] /usr/bin/ld: CMakeFiles/server.dir/src/disc.cpp.o: warning: relocation against `bta' in read-only section `.text._ZN6PQCmp3clEPK3BoxS2_[_ZN6PQCmp3clEPK3BoxS2_]'
[0.891s] /usr/bin/ld: CMakeFiles/server.dir/src/disc.cpp.o: in function `PQCmp3::operator()(Box const*, Box const*)':
[0.891s] disc.cpp:(.text._ZN6PQCmp3clEPK3BoxS2_[_ZN6PQCmp3clEPK3BoxS2_]+0x21): undefined reference to `bta'
[0.891s] /usr/bin/ld: disc.cpp:(.text._ZN6PQCmp3clEPK3BoxS2_[_ZN6PQCmp3clEPK3BoxS2_]+0x3a): undefined reference to `bta'
[0.892s] /usr/bin/ld: disc.cpp:(.text._ZN6PQCmp3clEPK3BoxS2_[_ZN6PQCmp3clEPK3BoxS2_]+0x53): undefined reference to `bta'
[0.892s] /usr/bin/ld: disc.cpp:(.text._ZN6PQCmp3clEPK3BoxS2_[_ZN6PQCmp3clEPK3BoxS2_]+0x6c): undefined reference to `bta'
[0.892s] /usr/bin/ld: disc.cpp:(.text._ZN6PQCmp3clEPK3BoxS2_[_ZN6PQCmp3clEPK3BoxS2_]+0x89): undefined reference to `bta'
[0.892s] /usr/bin/ld: CMakeFiles/server.dir/src/disc.cpp.o:disc.cpp:(.text._ZN6PQCmp3clEPK3BoxS2_[_ZN6PQCmp3clEPK3BoxS2_]+0xa2): more undefined references to `bta' follow
[0.895s] /usr/bin/ld: warning: creating DT_TEXTREL in a PIE
[0.895s] collect2: error: ld returned 1 exit status
[0.897s] gmake[2]: *** [CMakeFiles/server.dir/build.make:193: server] Error 1
[0.897s] gmake[1]: *** [CMakeFiles/Makefile2:137: CMakeFiles/server.dir/all] Error 2
[0.897s] gmake: *** [Makefile:146: all] Error 2
[0.899s] Invoked command in '/home/ericlin/ros/ros-system/src/pathserver/build/pathserver' returned '2': CMAKE_PREFIX_PATH=/opt/ros/humble /usr/bin/cmake --build /home/ericlin/ros/ros-system/src/pathserver/build/pathserver -- -j12 -l12
