-- Found ament_cmake: 1.3.7 (/opt/ros/humble/share/ament_cmake/cmake)
-- Configuring done
-- Generating done
-- Build files have been written to: /home/ericlin/ros/ros-system/src/pathserver/build/pathserver
[35m[1mConsolidate compiler generated dependencies of target server[0m
[ 33%] [32mBuilding CXX object CMakeFiles/server.dir/src/Box.cpp.o[0m
[ 66%] [32m[1mLinking CXX executable server[0m
/usr/bin/ld: CMakeFiles/server.dir/src/disc.cpp.o: warning: relocation against `bta' in read-only section `.text._ZN6PQCmp3clEPK3BoxS2_[_ZN6PQCmp3clEPK3BoxS2_]'
/usr/bin/ld: CMakeFiles/server.dir/src/disc.cpp.o: in function `run()':
disc.cpp:(.text+0xb53): undefined reference to `Timer::Timer()'
/usr/bin/ld: disc.cpp:(.text+0xb5f): undefined reference to `Timer::start()'
/usr/bin/ld: disc.cpp:(.text+0xf8f): undefined reference to `Timer::stop()'
/usr/bin/ld: disc.cpp:(.text+0xfe9): undefined reference to `Timer::getElapsedTimeInMilliSec()'
/usr/bin/ld: disc.cpp:(.text+0x1250): undefined reference to `Timer::~Timer()'
/usr/bin/ld: disc.cpp:(.text+0x1274): undefined reference to `Timer::~Timer()'
/usr/bin/ld: CMakeFiles/server.dir/src/disc.cpp.o: in function `parseConfigFile(Box*)':
disc.cpp:(.text+0x149d): undefined reference to `fileProcessor(std::__cxx11::basic_string<char, std::char_traits<char>, std::allocator<char> >)'
/usr/bin/ld: disc.cpp:(.text+0x194d): undefined reference to `Wall::Wall(Corner*, Corner*)'
/usr/bin/ld: disc.cpp:(.text+0x19e6): undefined reference to `Wall::Wall(Corner*, Corner*)'
/usr/bin/ld: CMakeFiles/server.dir/src/disc.cpp.o: in function `Box::updateStatus()':
disc.cpp:(.text._ZN3Box12updateStatusEv[_ZN3Box12updateStatusEv]+0x132): undefined reference to `Corner::intersectZone()'
/usr/bin/ld: disc.cpp:(.text._ZN3Box12updateStatusEv[_ZN3Box12updateStatusEv]+0x208): undefined reference to `Wall::distance(double, double)'
/usr/bin/ld: disc.cpp:(.text._ZN3Box12updateStatusEv[_ZN3Box12updateStatusEv]+0x245): undefined reference to `Wall::intersectZone()'
/usr/bin/ld: CMakeFiles/server.dir/src/disc.cpp.o: in function `Box::checkChildStatus(double, double)':
disc.cpp:(.text._ZN3Box16checkChildStatusEdd[_ZN3Box16checkChildStatusEdd]+0x8c): undefined reference to `Wall::distance(double, double)'
/usr/bin/ld: disc.cpp:(.text._ZN3Box16checkChildStatusEdd[_ZN3Box16checkChildStatusEdd]+0x273): undefined reference to `Wall::isRight(double, double)'
/usr/bin/ld: disc.cpp:(.text._ZN3Box16checkChildStatusEdd[_ZN3Box16checkChildStatusEdd]+0x289): undefined reference to `Corner::isConvex()'
/usr/bin/ld: CMakeFiles/server.dir/src/disc.cpp.o: in function `PQCmp3::operator()(Box const*, Box const*)':
disc.cpp:(.text._ZN6PQCmp3clEPK3BoxS2_[_ZN6PQCmp3clEPK3BoxS2_]+0x21): undefined reference to `bta'
/usr/bin/ld: disc.cpp:(.text._ZN6PQCmp3clEPK3BoxS2_[_ZN6PQCmp3clEPK3BoxS2_]+0x3a): undefined reference to `bta'
/usr/bin/ld: disc.cpp:(.text._ZN6PQCmp3clEPK3BoxS2_[_ZN6PQCmp3clEPK3BoxS2_]+0x53): undefined reference to `bta'
/usr/bin/ld: disc.cpp:(.text._ZN6PQCmp3clEPK3BoxS2_[_ZN6PQCmp3clEPK3BoxS2_]+0x6c): undefined reference to `bta'
/usr/bin/ld: disc.cpp:(.text._ZN6PQCmp3clEPK3BoxS2_[_ZN6PQCmp3clEPK3BoxS2_]+0x89): undefined reference to `bta'
/usr/bin/ld: CMakeFiles/server.dir/src/disc.cpp.o:disc.cpp:(.text._ZN6PQCmp3clEPK3BoxS2_[_ZN6PQCmp3clEPK3BoxS2_]+0xa2): more undefined references to `bta' follow
/usr/bin/ld: warning: creating DT_TEXTREL in a PIE
collect2: error: ld returned 1 exit status
gmake[2]: *** [CMakeFiles/server.dir/build.make:113: server] Error 1
gmake[1]: *** [CMakeFiles/Makefile2:137: CMakeFiles/server.dir/all] Error 2
gmake: *** [Makefile:146: all] Error 2
