[0.039s] Invoking command in '/home/ericlin/ros/ros-system/src/pathserver/build/pathserver': CMAKE_PREFIX_PATH=/opt/ros/humble /usr/bin/cmake --build /home/ericlin/ros/ros-system/src/pathserver/build/pathserver -- -j12 -l12
[0.059s] [35m[1mConsolidate compiler generated dependencies of target server[0m
[0.069s] [ 37%] [32mBuilding CXX object CMakeFiles/server.dir/src/QuadTree.cpp.o[0m
[0.069s] [ 37%] [32mBuilding CXX object CMakeFiles/server.dir/src/Box.cpp.o[0m
[0.069s] [ 37%] [32mBuilding CXX object CMakeFiles/server.dir/src/disc.cpp.o[0m
[0.384s] In file included from [01m[K/home/ericlin/ros/ros-system/src/pathserver/src/PriorityQueue.h:9[m[K,
[0.384s]                  from [01m[K/home/ericlin/ros/ros-system/src/pathserver/src/QuadTree.h:16[m[K,
[0.384s]                  from [01m[K/home/ericlin/ros/ros-system/src/pathserver/src/QuadTree.cpp:12[m[K:
[0.384s] [01m[K/home/ericlin/ros/ros-system/src/pathserver/src/Graph.h:[m[K In member function ‘[01m[Kbool PQCmp3::operator()(const Box*, const Box*)[m[K’:
[0.385s] [01m[K/home/ericlin/ros/ros-system/src/pathserver/src/Graph.h:146:43:[m[K [01;31m[Kerror: [m[Kreference to ‘[01m[Kbeta[m[K’ is ambiguous
[0.385s]   146 |                 double distDiff = (a->x - [01;31m[Kbeta[m[K[0])*(a->x - beta[0]) + (a->y - beta[1])*(a->y - beta[1])
[0.385s]       |                                           [01;31m[K^~~~[m[K
[0.385s] In file included from [01m[K/usr/include/c++/11/cmath:1935[m[K,
[0.386s]                  from [01m[K/usr/include/c++/11/math.h:36[m[K,
[0.386s]                  from [01m[K/home/ericlin/ros/ros-system/src/pathserver/src/Box.h:6[m[K,
[0.386s]                  from [01m[K/home/ericlin/ros/ros-system/src/pathserver/src/QuadTree.h:14[m[K,
[0.386s]                  from [01m[K/home/ericlin/ros/ros-system/src/pathserver/src/QuadTree.cpp:12[m[K:
[0.386s] [01m[K/usr/include/c++/11/bits/specfun.h:343:5:[m[K [01;36m[Knote: [m[Kcandidates are: ‘[01m[Ktemplate<class _Tpa, class _Tpb> typename __gnu_cxx::__promote_2<_Tp, _Up>::__type std::beta(_Tpa, _Tpb)[m[K’
[0.387s]   343 |     [01;36m[Kbeta[m[K(_Tpa __a, _Tpb __b)
[0.387s]       |     [01;36m[K^~~~[m[K
[0.387s] In file included from [01m[K/home/ericlin/ros/ros-system/src/pathserver/src/PriorityQueue.h:9[m[K,
[0.387s]                  from [01m[K/home/ericlin/ros/ros-system/src/pathserver/src/QuadTree.h:16[m[K,
[0.387s]                  from [01m[K/home/ericlin/ros/ros-system/src/pathserver/src/QuadTree.cpp:12[m[K:
[0.387s] [01m[K/home/ericlin/ros/ros-system/src/pathserver/src/Graph.h:11:15:[m[K [01;36m[Knote: [m[K                ‘[01m[Kdouble beta [2][m[K’
[0.387s]    11 | extern double [01;36m[Kbeta[m[K[2];
[0.387s]       |               [01;36m[K^~~~[m[K
[0.388s] [01m[K/home/ericlin/ros/ros-system/src/pathserver/src/Graph.h:146:60:[m[K [01;31m[Kerror: [m[Kreference to ‘[01m[Kbeta[m[K’ is ambiguous
[0.388s]   146 |                 double distDiff = (a->x - beta[0])*(a->x - [01;31m[Kbeta[m[K[0]) + (a->y - beta[1])*(a->y - beta[1])
[0.388s]       |                                                            [01;31m[K^~~~[m[K
[0.388s] In file included from [01m[K/usr/include/c++/11/cmath:1935[m[K,
[0.388s]                  from [01m[K/usr/include/c++/11/math.h:36[m[K,
[0.388s]                  from [01m[K/home/ericlin/ros/ros-system/src/pathserver/src/Box.h:6[m[K,
[0.389s]                  from [01m[K/home/ericlin/ros/ros-system/src/pathserver/src/QuadTree.h:14[m[K,
[0.389s]                  from [01m[K/home/ericlin/ros/ros-system/src/pathserver/src/QuadTree.cpp:12[m[K:
[0.389s] [01m[K/usr/include/c++/11/bits/specfun.h:343:5:[m[K [01;36m[Knote: [m[Kcandidates are: ‘[01m[Ktemplate<class _Tpa, class _Tpb> typename __gnu_cxx::__promote_2<_Tp, _Up>::__type std::beta(_Tpa, _Tpb)[m[K’
[0.389s]   343 |     [01;36m[Kbeta[m[K(_Tpa __a, _Tpb __b)
[0.389s]       |     [01;36m[K^~~~[m[K
[0.389s] In file included from [01m[K/home/ericlin/ros/ros-system/src/pathserver/src/PriorityQueue.h:9[m[K,
[0.390s]                  from [01m[K/home/ericlin/ros/ros-system/src/pathserver/src/QuadTree.h:16[m[K,
[0.390s]                  from [01m[K/home/ericlin/ros/ros-system/src/pathserver/src/QuadTree.cpp:12[m[K:
[0.390s] [01m[K/home/ericlin/ros/ros-system/src/pathserver/src/Graph.h:11:15:[m[K [01;36m[Knote: [m[K                ‘[01m[Kdouble beta [2][m[K’
[0.390s]    11 | extern double [01;36m[Kbeta[m[K[2];
[0.390s]       |               [01;36m[K^~~~[m[K
[0.391s] [01m[K/home/ericlin/ros/ros-system/src/pathserver/src/Graph.h:146:79:[m[K [01;31m[Kerror: [m[Kreference to ‘[01m[Kbeta[m[K’ is ambiguous
[0.391s]   146 |                 double distDiff = (a->x - beta[0])*(a->x - beta[0]) + (a->y - [01;31m[Kbeta[m[K[1])*(a->y - beta[1])
[0.391s]       |                                                                               [01;31m[K^~~~[m[K
[0.391s] In file included from [01m[K/usr/include/c++/11/cmath:1935[m[K,
[0.391s]                  from [01m[K/usr/include/c++/11/math.h:36[m[K,
[0.391s]                  from [01m[K/home/ericlin/ros/ros-system/src/pathserver/src/Box.h:6[m[K,
[0.391s]                  from [01m[K/home/ericlin/ros/ros-system/src/pathserver/src/QuadTree.h:14[m[K,
[0.392s]                  from [01m[K/home/ericlin/ros/ros-system/src/pathserver/src/QuadTree.cpp:12[m[K:
[0.392s] [01m[K/usr/include/c++/11/bits/specfun.h:343:5:[m[K [01;36m[Knote: [m[Kcandidates are: ‘[01m[Ktemplate<class _Tpa, class _Tpb> typename __gnu_cxx::__promote_2<_Tp, _Up>::__type std::beta(_Tpa, _Tpb)[m[K’
[0.392s]   343 |     [01;36m[Kbeta[m[K(_Tpa __a, _Tpb __b)
[0.392s]       |     [01;36m[K^~~~[m[K
[0.392s] In file included from [01m[K/home/ericlin/ros/ros-system/src/pathserver/src/PriorityQueue.h:9[m[K,
[0.392s]                  from [01m[K/home/ericlin/ros/ros-system/src/pathserver/src/QuadTree.h:16[m[K,
[0.393s]                  from [01m[K/home/ericlin/ros/ros-system/src/pathserver/src/QuadTree.cpp:12[m[K:
[0.393s] [01m[K/home/ericlin/ros/ros-system/src/pathserver/src/Graph.h:11:15:[m[K [01;36m[Knote: [m[K                ‘[01m[Kdouble beta [2][m[K’
[0.393s]    11 | extern double [01;36m[Kbeta[m[K[2];
[0.393s]       |               [01;36m[K^~~~[m[K
[0.393s] [01m[K/home/ericlin/ros/ros-system/src/pathserver/src/Graph.h:146:96:[m[K [01;31m[Kerror: [m[Kreference to ‘[01m[Kbeta[m[K’ is ambiguous
[0.393s]   146 |                 double distDiff = (a->x - beta[0])*(a->x - beta[0]) + (a->y - beta[1])*(a->y - [01;31m[Kbeta[m[K[1])
[0.394s]       |                                                                                                [01;31m[K^~~~[m[K
[0.394s] In file included from [01m[K/usr/include/c++/11/cmath:1935[m[K,
[0.394s]                  from [01m[K/usr/include/c++/11/math.h:36[m[K,
[0.394s]                  from [01m[K/home/ericlin/ros/ros-system/src/pathserver/src/Box.h:6[m[K,
[0.394s]                  from [01m[K/home/ericlin/ros/ros-system/src/pathserver/src/QuadTree.h:14[m[K,
[0.394s]                  from [01m[K/home/ericlin/ros/ros-system/src/pathserver/src/QuadTree.cpp:12[m[K:
[0.395s] [01m[K/usr/include/c++/11/bits/specfun.h:343:5:[m[K [01;36m[Knote: [m[Kcandidates are: ‘[01m[Ktemplate<class _Tpa, class _Tpb> typename __gnu_cxx::__promote_2<_Tp, _Up>::__type std::beta(_Tpa, _Tpb)[m[K’
[0.395s]   343 |     [01;36m[Kbeta[m[K(_Tpa __a, _Tpb __b)
[0.395s]       |     [01;36m[K^~~~[m[K
[0.395s] In file included from [01m[K/home/ericlin/ros/ros-system/src/pathserver/src/PriorityQueue.h:9[m[K,
[0.395s]                  from [01m[K/home/ericlin/ros/ros-system/src/pathserver/src/QuadTree.h:16[m[K,
[0.396s]                  from [01m[K/home/ericlin/ros/ros-system/src/pathserver/src/QuadTree.cpp:12[m[K:
[0.396s] [01m[K/home/ericlin/ros/ros-system/src/pathserver/src/Graph.h:11:15:[m[K [01;36m[Knote: [m[K                ‘[01m[Kdouble beta [2][m[K’
[0.396s]    11 | extern double [01;36m[Kbeta[m[K[2];
[0.396s]       |               [01;36m[K^~~~[m[K
[0.396s] [01m[K/home/ericlin/ros/ros-system/src/pathserver/src/Graph.h:147:36:[m[K [01;31m[Kerror: [m[Kreference to ‘[01m[Kbeta[m[K’ is ambiguous
[0.396s]   147 |                         - ((b->x - [01;31m[Kbeta[m[K[0])*(b->x - beta[0]) + (b->y - beta[1])*(b->y - beta[1]));
[0.397s]       |                                    [01;31m[K^~~~[m[K
[0.397s] In file included from [01m[K/usr/include/c++/11/cmath:1935[m[K,
[0.397s]                  from [01m[K/usr/include/c++/11/math.h:36[m[K,
[0.397s]                  from [01m[K/home/ericlin/ros/ros-system/src/pathserver/src/Box.h:6[m[K,
[0.397s]                  from [01m[K/home/ericlin/ros/ros-system/src/pathserver/src/QuadTree.h:14[m[K,
[0.397s]                  from [01m[K/home/ericlin/ros/ros-system/src/pathserver/src/QuadTree.cpp:12[m[K:
[0.398s] [01m[K/usr/include/c++/11/bits/specfun.h:343:5:[m[K [01;36m[Knote: [m[Kcandidates are: ‘[01m[Ktemplate<class _Tpa, class _Tpb> typename __gnu_cxx::__promote_2<_Tp, _Up>::__type std::beta(_Tpa, _Tpb)[m[K’
[0.398s]   343 |     [01;36m[Kbeta[m[K(_Tpa __a, _Tpb __b)
[0.398s]       |     [01;36m[K^~~~[m[K
[0.398s] In file included from [01m[K/home/ericlin/ros/ros-system/src/pathserver/src/PriorityQueue.h:9[m[K,
[0.398s]                  from [01m[K/home/ericlin/ros/ros-system/src/pathserver/src/QuadTree.h:16[m[K,
[0.398s]                  from [01m[K/home/ericlin/ros/ros-system/src/pathserver/src/QuadTree.cpp:12[m[K:
[0.399s] [01m[K/home/ericlin/ros/ros-system/src/pathserver/src/Graph.h:11:15:[m[K [01;36m[Knote: [m[K                ‘[01m[Kdouble beta [2][m[K’
[0.399s]    11 | extern double [01;36m[Kbeta[m[K[2];
[0.399s]       |               [01;36m[K^~~~[m[K
[0.399s] [01m[K/home/ericlin/ros/ros-system/src/pathserver/src/Graph.h:147:53:[m[K [01;31m[Kerror: [m[Kreference to ‘[01m[Kbeta[m[K’ is ambiguous
[0.399s]   147 |                         - ((b->x - beta[0])*(b->x - [01;31m[Kbeta[m[K[0]) + (b->y - beta[1])*(b->y - beta[1]));
[0.400s]       |                                                     [01;31m[K^~~~[m[K
[0.400s] In file included from [01m[K/usr/include/c++/11/cmath:1935[m[K,
[0.400s]                  from [01m[K/usr/include/c++/11/math.h:36[m[K,
[0.400s]                  from [01m[K/home/ericlin/ros/ros-system/src/pathserver/src/Box.h:6[m[K,
[0.400s]                  from [01m[K/home/ericlin/ros/ros-system/src/pathserver/src/QuadTree.h:14[m[K,
[0.400s]                  from [01m[K/home/ericlin/ros/ros-system/src/pathserver/src/QuadTree.cpp:12[m[K:
[0.401s] [01m[K/usr/include/c++/11/bits/specfun.h:343:5:[m[K [01;36m[Knote: [m[Kcandidates are: ‘[01m[Ktemplate<class _Tpa, class _Tpb> typename __gnu_cxx::__promote_2<_Tp, _Up>::__type std::beta(_Tpa, _Tpb)[m[K’
[0.401s]   343 |     [01;36m[Kbeta[m[K(_Tpa __a, _Tpb __b)
[0.401s]       |     [01;36m[K^~~~[m[K
[0.401s] In file included from [01m[K/home/ericlin/ros/ros-system/src/pathserver/src/PriorityQueue.h:9[m[K,
[0.401s]                  from [01m[K/home/ericlin/ros/ros-system/src/pathserver/src/QuadTree.h:16[m[K,
[0.401s]                  from [01m[K/home/ericlin/ros/ros-system/src/pathserver/src/QuadTree.cpp:12[m[K:
[0.402s] [01m[K/home/ericlin/ros/ros-system/src/pathserver/src/Graph.h:11:15:[m[K [01;36m[Knote: [m[K                ‘[01m[Kdouble beta [2][m[K’
[0.402s]    11 | extern double [01;36m[Kbeta[m[K[2];
[0.402s]       |               [01;36m[K^~~~[m[K
[0.402s] [01m[K/home/ericlin/ros/ros-system/src/pathserver/src/Graph.h:147:72:[m[K [01;31m[Kerror: [m[Kreference to ‘[01m[Kbeta[m[K’ is ambiguous
[0.402s]   147 |                         - ((b->x - beta[0])*(b->x - beta[0]) + (b->y - [01;31m[Kbeta[m[K[1])*(b->y - beta[1]));
[0.402s]       |                                                                        [01;31m[K^~~~[m[K
[0.403s] In file included from [01m[K/usr/include/c++/11/cmath:1935[m[K,
[0.403s]                  from [01m[K/usr/include/c++/11/math.h:36[m[K,
[0.403s]                  from [01m[K/home/ericlin/ros/ros-system/src/pathserver/src/Box.h:6[m[K,
[0.404s]                  from [01m[K/home/ericlin/ros/ros-system/src/pathserver/src/QuadTree.h:14[m[K,
[0.404s]                  from [01m[K/home/ericlin/ros/ros-system/src/pathserver/src/QuadTree.cpp:12[m[K:
[0.404s] [01m[K/usr/include/c++/11/bits/specfun.h:343:5:[m[K [01;36m[Knote: [m[Kcandidates are: ‘[01m[Ktemplate<class _Tpa, class _Tpb> typename __gnu_cxx::__promote_2<_Tp, _Up>::__type std::beta(_Tpa, _Tpb)[m[K’
[0.404s]   343 |     [01;36m[Kbeta[m[K(_Tpa __a, _Tpb __b)
[0.404s]       |     [01;36m[K^~~~[m[K
[0.404s] In file included from [01m[K/home/ericlin/ros/ros-system/src/pathserver/src/PriorityQueue.h:9[m[K,
[0.404s]                  from [01m[K/home/ericlin/ros/ros-system/src/pathserver/src/QuadTree.h:16[m[K,
[0.404s]                  from [01m[K/home/ericlin/ros/ros-system/src/pathserver/src/QuadTree.cpp:12[m[K:
[0.404s] [01m[K/home/ericlin/ros/ros-system/src/pathserver/src/Graph.h:11:15:[m[K [01;36m[Knote: [m[K                ‘[01m[Kdouble beta [2][m[K’
[0.404s]    11 | extern double [01;36m[Kbeta[m[K[2];
[0.404s]       |               [01;36m[K^~~~[m[K
[0.405s] [01m[K/home/ericlin/ros/ros-system/src/pathserver/src/Graph.h:147:89:[m[K [01;31m[Kerror: [m[Kreference to ‘[01m[Kbeta[m[K’ is ambiguous
[0.405s]   147 |                         - ((b->x - beta[0])*(b->x - beta[0]) + (b->y - beta[1])*(b->y - [01;31m[Kbeta[m[K[1]));
[0.405s]       |                                                                                         [01;31m[K^~~~[m[K
[0.405s] In file included from [01m[K/usr/include/c++/11/cmath:1935[m[K,
[0.405s]                  from [01m[K/usr/include/c++/11/math.h:36[m[K,
[0.405s]                  from [01m[K/home/ericlin/ros/ros-system/src/pathserver/src/Box.h:6[m[K,
[0.405s]                  from [01m[K/home/ericlin/ros/ros-system/src/pathserver/src/QuadTree.h:14[m[K,
[0.405s]                  from [01m[K/home/ericlin/ros/ros-system/src/pathserver/src/QuadTree.cpp:12[m[K:
[0.405s] [01m[K/usr/include/c++/11/bits/specfun.h:343:5:[m[K [01;36m[Knote: [m[Kcandidates are: ‘[01m[Ktemplate<class _Tpa, class _Tpb> typename __gnu_cxx::__promote_2<_Tp, _Up>::__type std::beta(_Tpa, _Tpb)[m[K’
[0.405s]   343 |     [01;36m[Kbeta[m[K(_Tpa __a, _Tpb __b)
[0.405s]       |     [01;36m[K^~~~[m[K
[0.406s] In file included from [01m[K/home/ericlin/ros/ros-system/src/pathserver/src/PriorityQueue.h:9[m[K,
[0.406s]                  from [01m[K/home/ericlin/ros/ros-system/src/pathserver/src/QuadTree.h:16[m[K,
[0.406s]                  from [01m[K/home/ericlin/ros/ros-system/src/pathserver/src/QuadTree.cpp:12[m[K:
[0.406s] [01m[K/home/ericlin/ros/ros-system/src/pathserver/src/Graph.h:11:15:[m[K [01;36m[Knote: [m[K                ‘[01m[Kdouble beta [2][m[K’
[0.406s]    11 | extern double [01;36m[Kbeta[m[K[2];
[0.406s]       |               [01;36m[K^~~~[m[K
[0.406s] In file included from [01m[K/home/ericlin/ros/ros-system/src/pathserver/src/PriorityQueue.h:9[m[K,
[0.406s]                  from [01m[K/home/ericlin/ros/ros-system/src/pathserver/src/QuadTree.h:16[m[K,
[0.406s]                  from [01m[K/home/ericlin/ros/ros-system/src/pathserver/src/disc.cpp:47[m[K:
[0.406s] [01m[K/home/ericlin/ros/ros-system/src/pathserver/src/Graph.h:[m[K In member function ‘[01m[Kbool PQCmp3::operator()(const Box*, const Box*)[m[K’:
[0.406s] [01m[K/home/ericlin/ros/ros-system/src/pathserver/src/Graph.h:146:43:[m[K [01;31m[Kerror: [m[Kreference to ‘[01m[Kbeta[m[K’ is ambiguous
[0.406s]   146 |                 double distDiff = (a->x - [01;31m[Kbeta[m[K[0])*(a->x - beta[0]) + (a->y - beta[1])*(a->y - beta[1])
[0.407s]       |                                           [01;31m[K^~~~[m[K
[0.407s] In file included from [01m[K/usr/include/c++/11/cmath:1935[m[K,
[0.407s]                  from [01m[K/usr/include/c++/11/math.h:36[m[K,
[0.407s]                  from [01m[K/home/ericlin/ros/ros-system/src/pathserver/src/Box.h:6[m[K,
[0.407s]                  from [01m[K/home/ericlin/ros/ros-system/src/pathserver/src/QuadTree.h:14[m[K,
[0.407s]                  from [01m[K/home/ericlin/ros/ros-system/src/pathserver/src/disc.cpp:47[m[K:
[0.407s] [01m[K/usr/include/c++/11/bits/specfun.h:343:5:[m[K [01;36m[Knote: [m[Kcandidates are: ‘[01m[Ktemplate<class _Tpa, class _Tpb> typename __gnu_cxx::__promote_2<_Tp, _Up>::__type std::beta(_Tpa, _Tpb)[m[K’
[0.407s]   343 |     [01;36m[Kbeta[m[K(_Tpa __a, _Tpb __b)
[0.407s]       |     [01;36m[K^~~~[m[K
[0.407s] In file included from [01m[K/home/ericlin/ros/ros-system/src/pathserver/src/PriorityQueue.h:9[m[K,
[0.407s]                  from [01m[K/home/ericlin/ros/ros-system/src/pathserver/src/QuadTree.h:16[m[K,
[0.408s]                  from [01m[K/home/ericlin/ros/ros-system/src/pathserver/src/disc.cpp:47[m[K:
[0.408s] [01m[K/home/ericlin/ros/ros-system/src/pathserver/src/Graph.h:11:15:[m[K [01;36m[Knote: [m[K                ‘[01m[Kdouble beta [2][m[K’
[0.408s]    11 | extern double [01;36m[Kbeta[m[K[2];
[0.408s]       |               [01;36m[K^~~~[m[K
[0.408s] [01m[K/home/ericlin/ros/ros-system/src/pathserver/src/Graph.h:146:60:[m[K [01;31m[Kerror: [m[Kreference to ‘[01m[Kbeta[m[K’ is ambiguous
[0.408s]   146 |                 double distDiff = (a->x - beta[0])*(a->x - [01;31m[Kbeta[m[K[0]) + (a->y - beta[1])*(a->y - beta[1])
[0.408s]       |                                                            [01;31m[K^~~~[m[K
[0.408s] In file included from [01m[K/usr/include/c++/11/cmath:1935[m[K,
[0.408s]                  from [01m[K/usr/include/c++/11/math.h:36[m[K,
[0.408s]                  from [01m[K/home/ericlin/ros/ros-system/src/pathserver/src/Box.h:6[m[K,
[0.408s]                  from [01m[K/home/ericlin/ros/ros-system/src/pathserver/src/QuadTree.h:14[m[K,
[0.408s]                  from [01m[K/home/ericlin/ros/ros-system/src/pathserver/src/disc.cpp:47[m[K:
[0.409s] [01m[K/usr/include/c++/11/bits/specfun.h:343:5:[m[K [01;36m[Knote: [m[Kcandidates are: ‘[01m[Ktemplate<class _Tpa, class _Tpb> typename __gnu_cxx::__promote_2<_Tp, _Up>::__type std::beta(_Tpa, _Tpb)[m[K’
[0.409s]   343 |     [01;36m[Kbeta[m[K(_Tpa __a, _Tpb __b)
[0.409s]       |     [01;36m[K^~~~[m[K
[0.409s] In file included from [01m[K/home/ericlin/ros/ros-system/src/pathserver/src/PriorityQueue.h:9[m[K,
[0.409s]                  from [01m[K/home/ericlin/ros/ros-system/src/pathserver/src/QuadTree.h:16[m[K,
[0.409s]                  from [01m[K/home/ericlin/ros/ros-system/src/pathserver/src/disc.cpp:47[m[K:
[0.409s] [01m[K/home/ericlin/ros/ros-system/src/pathserver/src/Graph.h:11:15:[m[K [01;36m[Knote: [m[K                ‘[01m[Kdouble beta [2][m[K’
[0.409s]    11 | extern double [01;36m[Kbeta[m[K[2];
[0.409s]       |               [01;36m[K^~~~[m[K
[0.409s] [01m[K/home/ericlin/ros/ros-system/src/pathserver/src/Graph.h:146:79:[m[K [01;31m[Kerror: [m[Kreference to ‘[01m[Kbeta[m[K’ is ambiguous
[0.409s]   146 |                 double distDiff = (a->x - beta[0])*(a->x - beta[0]) + (a->y - [01;31m[Kbeta[m[K[1])*(a->y - beta[1])
[0.409s]       |                                                                               [01;31m[K^~~~[m[K
[0.410s] In file included from [01m[K/usr/include/c++/11/cmath:1935[m[K,
[0.410s]                  from [01m[K/usr/include/c++/11/math.h:36[m[K,
[0.410s]                  from [01m[K/home/ericlin/ros/ros-system/src/pathserver/src/Box.h:6[m[K,
[0.410s]                  from [01m[K/home/ericlin/ros/ros-system/src/pathserver/src/QuadTree.h:14[m[K,
[0.410s]                  from [01m[K/home/ericlin/ros/ros-system/src/pathserver/src/disc.cpp:47[m[K:
[0.410s] [01m[K/usr/include/c++/11/bits/specfun.h:343:5:[m[K [01;36m[Knote: [m[Kcandidates are: ‘[01m[Ktemplate<class _Tpa, class _Tpb> typename __gnu_cxx::__promote_2<_Tp, _Up>::__type std::beta(_Tpa, _Tpb)[m[K’
[0.410s]   343 |     [01;36m[Kbeta[m[K(_Tpa __a, _Tpb __b)
[0.410s]       |     [01;36m[K^~~~[m[K
[0.410s] In file included from [01m[K/home/ericlin/ros/ros-system/src/pathserver/src/PriorityQueue.h:9[m[K,
[0.410s]                  from [01m[K/home/ericlin/ros/ros-system/src/pathserver/src/QuadTree.h:16[m[K,
[0.410s]                  from [01m[K/home/ericlin/ros/ros-system/src/pathserver/src/disc.cpp:47[m[K:
[0.411s] [01m[K/home/ericlin/ros/ros-system/src/pathserver/src/Graph.h:11:15:[m[K [01;36m[Knote: [m[K                ‘[01m[Kdouble beta [2][m[K’
[0.411s]    11 | extern double [01;36m[Kbeta[m[K[2];
[0.411s]       |               [01;36m[K^~~~[m[K
[0.411s] [01m[K/home/ericlin/ros/ros-system/src/pathserver/src/Graph.h:146:96:[m[K [01;31m[Kerror: [m[Kreference to ‘[01m[Kbeta[m[K’ is ambiguous
[0.411s]   146 |                 double distDiff = (a->x - beta[0])*(a->x - beta[0]) + (a->y - beta[1])*(a->y - [01;31m[Kbeta[m[K[1])
[0.411s]       |                                                                                                [01;31m[K^~~~[m[K
[0.411s] In file included from [01m[K/usr/include/c++/11/cmath:1935[m[K,
[0.411s]                  from [01m[K/usr/include/c++/11/math.h:36[m[K,
[0.411s]                  from [01m[K/home/ericlin/ros/ros-system/src/pathserver/src/Box.h:6[m[K,
[0.411s]                  from [01m[K/home/ericlin/ros/ros-system/src/pathserver/src/QuadTree.h:14[m[K,
[0.411s]                  from [01m[K/home/ericlin/ros/ros-system/src/pathserver/src/disc.cpp:47[m[K:
[0.411s] [01m[K/usr/include/c++/11/bits/specfun.h:343:5:[m[K [01;36m[Knote: [m[Kcandidates are: ‘[01m[Ktemplate<class _Tpa, class _Tpb> typename __gnu_cxx::__promote_2<_Tp, _Up>::__type std::beta(_Tpa, _Tpb)[m[K’
[0.412s]   343 |     [01;36m[Kbeta[m[K(_Tpa __a, _Tpb __b)
[0.412s]       |     [01;36m[K^~~~[m[K
[0.412s] In file included from [01m[K/home/ericlin/ros/ros-system/src/pathserver/src/PriorityQueue.h:9[m[K,
[0.412s]                  from [01m[K/home/ericlin/ros/ros-system/src/pathserver/src/QuadTree.h:16[m[K,
[0.412s]                  from [01m[K/home/ericlin/ros/ros-system/src/pathserver/src/disc.cpp:47[m[K:
[0.412s] [01m[K/home/ericlin/ros/ros-system/src/pathserver/src/Graph.h:11:15:[m[K [01;36m[Knote: [m[K                ‘[01m[Kdouble beta [2][m[K’
[0.412s]    11 | extern double [01;36m[Kbeta[m[K[2];
[0.412s]       |               [01;36m[K^~~~[m[K
[0.412s] [01m[K/home/ericlin/ros/ros-system/src/pathserver/src/Graph.h:147:36:[m[K [01;31m[Kerror: [m[Kreference to ‘[01m[Kbeta[m[K’ is ambiguous
[0.412s]   147 |                         - ((b->x - [01;31m[Kbeta[m[K[0])*(b->x - beta[0]) + (b->y - beta[1])*(b->y - beta[1]));
[0.412s]       |                                    [01;31m[K^~~~[m[K
[0.413s] In file included from [01m[K/usr/include/c++/11/cmath:1935[m[K,
[0.413s]                  from [01m[K/usr/include/c++/11/math.h:36[m[K,
[0.413s]                  from [01m[K/home/ericlin/ros/ros-system/src/pathserver/src/Box.h:6[m[K,
[0.413s]                  from [01m[K/home/ericlin/ros/ros-system/src/pathserver/src/QuadTree.h:14[m[K,
[0.413s]                  from [01m[K/home/ericlin/ros/ros-system/src/pathserver/src/disc.cpp:47[m[K:
[0.413s] [01m[K/usr/include/c++/11/bits/specfun.h:343:5:[m[K [01;36m[Knote: [m[Kcandidates are: ‘[01m[Ktemplate<class _Tpa, class _Tpb> typename __gnu_cxx::__promote_2<_Tp, _Up>::__type std::beta(_Tpa, _Tpb)[m[K’
[0.413s]   343 |     [01;36m[Kbeta[m[K(_Tpa __a, _Tpb __b)
[0.413s]       |     [01;36m[K^~~~[m[K
[0.413s] In file included from [01m[K/home/ericlin/ros/ros-system/src/pathserver/src/PriorityQueue.h:9[m[K,
[0.413s]                  from [01m[K/home/ericlin/ros/ros-system/src/pathserver/src/QuadTree.h:16[m[K,
[0.413s]                  from [01m[K/home/ericlin/ros/ros-system/src/pathserver/src/disc.cpp:47[m[K:
[0.413s] [01m[K/home/ericlin/ros/ros-system/src/pathserver/src/Graph.h:11:15:[m[K [01;36m[Knote: [m[K                ‘[01m[Kdouble beta [2][m[K’
[0.414s]    11 | extern double [01;36m[Kbeta[m[K[2];
[0.414s]       |               [01;36m[K^~~~[m[K
[0.414s] [01m[K/home/ericlin/ros/ros-system/src/pathserver/src/Graph.h:147:53:[m[K [01;31m[Kerror: [m[Kreference to ‘[01m[Kbeta[m[K’ is ambiguous
[0.414s]   147 |                         - ((b->x - beta[0])*(b->x - [01;31m[Kbeta[m[K[0]) + (b->y - beta[1])*(b->y - beta[1]));
[0.414s]       |                                                     [01;31m[K^~~~[m[K
[0.414s] In file included from [01m[K/usr/include/c++/11/cmath:1935[m[K,
[0.414s]                  from [01m[K/usr/include/c++/11/math.h:36[m[K,
[0.414s]                  from [01m[K/home/ericlin/ros/ros-system/src/pathserver/src/Box.h:6[m[K,
[0.414s]                  from [01m[K/home/ericlin/ros/ros-system/src/pathserver/src/QuadTree.h:14[m[K,
[0.414s]                  from [01m[K/home/ericlin/ros/ros-system/src/pathserver/src/disc.cpp:47[m[K:
[0.414s] [01m[K/usr/include/c++/11/bits/specfun.h:343:5:[m[K [01;36m[Knote: [m[Kcandidates are: ‘[01m[Ktemplate<class _Tpa, class _Tpb> typename __gnu_cxx::__promote_2<_Tp, _Up>::__type std::beta(_Tpa, _Tpb)[m[K’
[0.414s]   343 |     [01;36m[Kbeta[m[K(_Tpa __a, _Tpb __b)
[0.415s]       |     [01;36m[K^~~~[m[K
[0.415s] In file included from [01m[K/home/ericlin/ros/ros-system/src/pathserver/src/PriorityQueue.h:9[m[K,
[0.415s]                  from [01m[K/home/ericlin/ros/ros-system/src/pathserver/src/QuadTree.h:16[m[K,
[0.415s]                  from [01m[K/home/ericlin/ros/ros-system/src/pathserver/src/disc.cpp:47[m[K:
[0.415s] [01m[K/home/ericlin/ros/ros-system/src/pathserver/src/Graph.h:11:15:[m[K [01;36m[Knote: [m[K                ‘[01m[Kdouble beta [2][m[K’
[0.415s]    11 | extern double [01;36m[Kbeta[m[K[2];
[0.415s]       |               [01;36m[K^~~~[m[K
[0.415s] [01m[K/home/ericlin/ros/ros-system/src/pathserver/src/Graph.h:147:72:[m[K [01;31m[Kerror: [m[Kreference to ‘[01m[Kbeta[m[K’ is ambiguous
[0.415s]   147 |                         - ((b->x - beta[0])*(b->x - beta[0]) + (b->y - [01;31m[Kbeta[m[K[1])*(b->y - beta[1]));
[0.415s]       |                                                                        [01;31m[K^~~~[m[K
[0.415s] In file included from [01m[K/usr/include/c++/11/cmath:1935[m[K,
[0.415s]                  from [01m[K/usr/include/c++/11/math.h:36[m[K,
[0.416s]                  from [01m[K/home/ericlin/ros/ros-system/src/pathserver/src/Box.h:6[m[K,
[0.416s]                  from [01m[K/home/ericlin/ros/ros-system/src/pathserver/src/QuadTree.h:14[m[K,
[0.416s]                  from [01m[K/home/ericlin/ros/ros-system/src/pathserver/src/disc.cpp:47[m[K:
[0.416s] [01m[K/usr/include/c++/11/bits/specfun.h:343:5:[m[K [01;36m[Knote: [m[Kcandidates are: ‘[01m[Ktemplate<class _Tpa, class _Tpb> typename __gnu_cxx::__promote_2<_Tp, _Up>::__type std::beta(_Tpa, _Tpb)[m[K’
[0.416s]   343 |     [01;36m[Kbeta[m[K(_Tpa __a, _Tpb __b)
[0.416s]       |     [01;36m[K^~~~[m[K
[0.416s] In file included from [01m[K/home/ericlin/ros/ros-system/src/pathserver/src/PriorityQueue.h:9[m[K,
[0.416s]                  from [01m[K/home/ericlin/ros/ros-system/src/pathserver/src/QuadTree.h:16[m[K,
[0.416s]                  from [01m[K/home/ericlin/ros/ros-system/src/pathserver/src/disc.cpp:47[m[K:
[0.416s] [01m[K/home/ericlin/ros/ros-system/src/pathserver/src/Graph.h:11:15:[m[K [01;36m[Knote: [m[K                ‘[01m[Kdouble beta [2][m[K’
[0.416s]    11 | extern double [01;36m[Kbeta[m[K[2];
[0.417s]       |               [01;36m[K^~~~[m[K
[0.417s] [01m[K/home/ericlin/ros/ros-system/src/pathserver/src/Graph.h:147:89:[m[K [01;31m[Kerror: [m[Kreference to ‘[01m[Kbeta[m[K’ is ambiguous
[0.417s]   147 |                         - ((b->x - beta[0])*(b->x - beta[0]) + (b->y - beta[1])*(b->y - [01;31m[Kbeta[m[K[1]));
[0.417s]       |                                                                                         [01;31m[K^~~~[m[K
[0.417s] In file included from [01m[K/usr/include/c++/11/cmath:1935[m[K,
[0.417s]                  from [01m[K/usr/include/c++/11/math.h:36[m[K,
[0.417s]                  from [01m[K/home/ericlin/ros/ros-system/src/pathserver/src/Box.h:6[m[K,
[0.417s]                  from [01m[K/home/ericlin/ros/ros-system/src/pathserver/src/QuadTree.h:14[m[K,
[0.417s]                  from [01m[K/home/ericlin/ros/ros-system/src/pathserver/src/disc.cpp:47[m[K:
[0.417s] [01m[K/usr/include/c++/11/bits/specfun.h:343:5:[m[K [01;36m[Knote: [m[Kcandidates are: ‘[01m[Ktemplate<class _Tpa, class _Tpb> typename __gnu_cxx::__promote_2<_Tp, _Up>::__type std::beta(_Tpa, _Tpb)[m[K’
[0.417s]   343 |     [01;36m[Kbeta[m[K(_Tpa __a, _Tpb __b)
[0.417s]       |     [01;36m[K^~~~[m[K
[0.418s] In file included from [01m[K/home/ericlin/ros/ros-system/src/pathserver/src/PriorityQueue.h:9[m[K,
[0.418s]                  from [01m[K/home/ericlin/ros/ros-system/src/pathserver/src/QuadTree.h:16[m[K,
[0.418s]                  from [01m[K/home/ericlin/ros/ros-system/src/pathserver/src/disc.cpp:47[m[K:
[0.418s] [01m[K/home/ericlin/ros/ros-system/src/pathserver/src/Graph.h:11:15:[m[K [01;36m[Knote: [m[K                ‘[01m[Kdouble beta [2][m[K’
[0.418s]    11 | extern double [01;36m[Kbeta[m[K[2];
[0.418s]       |               [01;36m[K^~~~[m[K
[0.466s] gmake[2]: *** [CMakeFiles/server.dir/build.make:104: CMakeFiles/server.dir/src/QuadTree.cpp.o] Error 1
[0.466s] gmake[2]: *** Waiting for unfinished jobs....
[0.560s] gmake[2]: *** [CMakeFiles/server.dir/build.make:76: CMakeFiles/server.dir/src/disc.cpp.o] Error 1
[0.560s] gmake[1]: *** [CMakeFiles/Makefile2:137: CMakeFiles/server.dir/all] Error 2
[0.560s] gmake: *** [Makefile:146: all] Error 2
[0.561s] Invoked command in '/home/ericlin/ros/ros-system/src/pathserver/build/pathserver' returned '2': CMAKE_PREFIX_PATH=/opt/ros/humble /usr/bin/cmake --build /home/ericlin/ros/ros-system/src/pathserver/build/pathserver -- -j12 -l12
