[0.826s] DEBUG:colcon:Command line arguments: ['/usr/bin/colcon', 'build']
[0.826s] DEBUG:colcon:Parsed command line arguments: Namespace(log_base=None, log_level=None, verb_name='build', build_base='build', install_base='install', merge_install=False, symlink_install=False, test_result_base=None, continue_on_error=False, executor='parallel', parallel_workers=12, event_handlers=None, ignore_user_meta=False, metas=['./colcon.meta'], base_paths=['.'], packages_ignore=None, packages_ignore_regex=None, paths=None, packages_up_to=None, packages_up_to_regex=None, packages_above=None, packages_above_and_dependencies=None, packages_above_depth=None, packages_select_by_dep=None, packages_skip_by_dep=None, packages_skip_up_to=None, packages_select_build_failed=False, packages_skip_build_finished=False, packages_select_test_failures=False, packages_skip_test_passed=False, packages_select=None, packages_skip=None, packages_select_regex=None, packages_skip_regex=None, packages_start=None, packages_end=None, allow_overriding=[], cmake_args=None, cmake_target=None, cmake_target_skip_unavailable=False, cmake_clean_cache=False, cmake_clean_first=False, cmake_force_configure=False, ament_cmake_args=None, catkin_cmake_args=None, catkin_skip_building_tests=False, verb_parser=<colcon_defaults.argument_parser.defaults.DefaultArgumentsDecorator object at 0x7fda2ecd6260>, verb_extension=<colcon_core.verb.build.BuildVerb object at 0x7fda2f123100>, main=<bound method BuildVerb.main of <colcon_core.verb.build.BuildVerb object at 0x7fda2f123100>>)
[0.861s] Level 1:colcon.colcon_core.package_discovery:discover_packages(colcon_meta) check parameters
[0.861s] Level 1:colcon.colcon_core.package_discovery:discover_packages(recursive) check parameters
[0.861s] Level 1:colcon.colcon_core.package_discovery:discover_packages(ignore) check parameters
[0.861s] Level 1:colcon.colcon_core.package_discovery:discover_packages(path) check parameters
[0.861s] Level 1:colcon.colcon_core.package_discovery:discover_packages(colcon_meta) discover
[0.861s] Level 1:colcon.colcon_core.package_discovery:discover_packages(recursive) discover
[0.861s] INFO:colcon.colcon_core.package_discovery:Crawling recursively for packages in '/home/ericlin/ros/ros-system/src/pathserver'
[0.861s] Level 1:colcon.colcon_core.package_identification:_identify(.) by extensions ['ignore', 'ignore_ament_install']
[0.861s] Level 1:colcon.colcon_core.package_identification:_identify(.) by extension 'ignore'
[0.861s] Level 1:colcon.colcon_core.package_identification:_identify(.) by extension 'ignore_ament_install'
[0.861s] Level 1:colcon.colcon_core.package_identification:_identify(.) by extensions ['colcon_pkg']
[0.861s] Level 1:colcon.colcon_core.package_identification:_identify(.) by extension 'colcon_pkg'
[0.861s] Level 1:colcon.colcon_core.package_identification:_identify(.) by extensions ['colcon_meta']
[0.861s] Level 1:colcon.colcon_core.package_identification:_identify(.) by extension 'colcon_meta'
[0.861s] Level 1:colcon.colcon_core.package_identification:_identify(.) by extensions ['ros']
[0.861s] Level 1:colcon.colcon_core.package_identification:_identify(.) by extension 'ros'
[0.872s] DEBUG:colcon.colcon_core.package_identification:Package '.' with type 'ros.ament_cmake' and name 'pathserver'
[0.872s] Level 1:colcon.colcon_core.package_discovery:discover_packages(recursive) using defaults
[0.872s] Level 1:colcon.colcon_core.package_discovery:discover_packages(ignore) discover
[0.872s] Level 1:colcon.colcon_core.package_discovery:discover_packages(ignore) using defaults
[0.872s] Level 1:colcon.colcon_core.package_discovery:discover_packages(path) discover
[0.872s] Level 1:colcon.colcon_core.package_discovery:discover_packages(path) using defaults
[0.940s] Level 1:colcon.colcon_core.package_discovery:discover_packages(prefix_path) check parameters
[0.940s] Level 1:colcon.colcon_core.package_discovery:discover_packages(prefix_path) discover
[0.963s] DEBUG:colcon.colcon_installed_package_information.package_discovery:Found 288 installed packages in /opt/ros/humble
[0.964s] Level 1:colcon.colcon_core.package_discovery:discover_packages(prefix_path) using defaults
[1.038s] Level 5:colcon.colcon_core.verb:set package 'pathserver' build argument 'cmake_args' from command line to 'None'
[1.038s] Level 5:colcon.colcon_core.verb:set package 'pathserver' build argument 'cmake_target' from command line to 'None'
[1.038s] Level 5:colcon.colcon_core.verb:set package 'pathserver' build argument 'cmake_target_skip_unavailable' from command line to 'False'
[1.038s] Level 5:colcon.colcon_core.verb:set package 'pathserver' build argument 'cmake_clean_cache' from command line to 'False'
[1.038s] Level 5:colcon.colcon_core.verb:set package 'pathserver' build argument 'cmake_clean_first' from command line to 'False'
[1.038s] Level 5:colcon.colcon_core.verb:set package 'pathserver' build argument 'cmake_force_configure' from command line to 'False'
[1.038s] Level 5:colcon.colcon_core.verb:set package 'pathserver' build argument 'ament_cmake_args' from command line to 'None'
[1.038s] Level 5:colcon.colcon_core.verb:set package 'pathserver' build argument 'catkin_cmake_args' from command line to 'None'
[1.038s] Level 5:colcon.colcon_core.verb:set package 'pathserver' build argument 'catkin_skip_building_tests' from command line to 'False'
[1.039s] DEBUG:colcon.colcon_core.verb:Building package 'pathserver' with the following arguments: {'ament_cmake_args': None, 'build_base': '/home/ericlin/ros/ros-system/src/pathserver/build/pathserver', 'catkin_cmake_args': None, 'catkin_skip_building_tests': False, 'cmake_args': None, 'cmake_clean_cache': False, 'cmake_clean_first': False, 'cmake_force_configure': False, 'cmake_target': None, 'cmake_target_skip_unavailable': False, 'install_base': '/home/ericlin/ros/ros-system/src/pathserver/install/pathserver', 'merge_install': False, 'path': '/home/ericlin/ros/ros-system/src/pathserver', 'symlink_install': False, 'test_result_base': None}
[1.049s] INFO:colcon.colcon_core.executor:Executing jobs using 'parallel' executor
[1.060s] DEBUG:colcon.colcon_parallel_executor.executor.parallel:run_until_complete
[1.061s] INFO:colcon.colcon_ros.task.ament_cmake.build:Building ROS package in '/home/ericlin/ros/ros-system/src/pathserver' with build type 'ament_cmake'
[1.061s] INFO:colcon.colcon_cmake.task.cmake.build:Building CMake package in '/home/ericlin/ros/ros-system/src/pathserver'
[1.075s] INFO:colcon.colcon_core.plugin_system:Skipping extension 'colcon_core.shell.bat': Not used on non-Windows systems
[1.075s] INFO:colcon.colcon_core.shell:Skip shell extension 'powershell' for command environment: Not usable outside of PowerShell
[1.075s] DEBUG:colcon.colcon_core.shell:Skip shell extension 'dsv' for command environment
[1.103s] DEBUG:colcon.colcon_core.event_handler.log_command:Invoking command in '/home/ericlin/ros/ros-system/src/pathserver/build/pathserver': CMAKE_PREFIX_PATH=/opt/ros/humble /usr/bin/cmake --build /home/ericlin/ros/ros-system/src/pathserver/build/pathserver -- -j12 -l12
[1.979s] DEBUG:colcon.colcon_core.event_handler.log_command:Invoked command in '/home/ericlin/ros/ros-system/src/pathserver/build/pathserver' returned '0': CMAKE_PREFIX_PATH=/opt/ros/humble /usr/bin/cmake --build /home/ericlin/ros/ros-system/src/pathserver/build/pathserver -- -j12 -l12
[2.007s] DEBUG:colcon.colcon_core.event_handler.log_command:Invoking command in '/home/ericlin/ros/ros-system/src/pathserver/build/pathserver': CMAKE_PREFIX_PATH=/opt/ros/humble /usr/bin/cmake --install /home/ericlin/ros/ros-system/src/pathserver/build/pathserver
[2.016s] Level 1:colcon.colcon_core.environment:create_environment_scripts_only(pathserver)
[2.016s] DEBUG:colcon.colcon_core.event_handler.log_command:Invoked command in '/home/ericlin/ros/ros-system/src/pathserver/build/pathserver' returned '0': CMAKE_PREFIX_PATH=/opt/ros/humble /usr/bin/cmake --install /home/ericlin/ros/ros-system/src/pathserver/build/pathserver
[2.028s] Level 1:colcon.colcon_core.environment:checking '/home/ericlin/ros/ros-system/src/pathserver/install/pathserver' for CMake module files
[2.029s] Level 1:colcon.colcon_core.environment:checking '/home/ericlin/ros/ros-system/src/pathserver/install/pathserver' for CMake config files
[2.029s] Level 1:colcon.colcon_core.shell:create_environment_hook('pathserver', 'cmake_prefix_path')
[2.039s] INFO:colcon.colcon_core.shell:Creating environment hook '/home/ericlin/ros/ros-system/src/pathserver/install/pathserver/share/pathserver/hook/cmake_prefix_path.ps1'
[2.041s] INFO:colcon.colcon_core.shell:Creating environment descriptor '/home/ericlin/ros/ros-system/src/pathserver/install/pathserver/share/pathserver/hook/cmake_prefix_path.dsv'
[2.042s] INFO:colcon.colcon_core.shell:Creating environment hook '/home/ericlin/ros/ros-system/src/pathserver/install/pathserver/share/pathserver/hook/cmake_prefix_path.sh'
[2.043s] Level 1:colcon.colcon_core.environment:checking '/home/ericlin/ros/ros-system/src/pathserver/install/pathserver/lib'
[2.043s] Level 1:colcon.colcon_core.environment:checking '/home/ericlin/ros/ros-system/src/pathserver/install/pathserver/bin'
[2.043s] Level 1:colcon.colcon_core.environment:checking '/home/ericlin/ros/ros-system/src/pathserver/install/pathserver/lib/pkgconfig/pathserver.pc'
[2.043s] Level 1:colcon.colcon_core.environment:checking '/home/ericlin/ros/ros-system/src/pathserver/install/pathserver/lib/python3.10/site-packages'
[2.043s] Level 1:colcon.colcon_core.environment:checking '/home/ericlin/ros/ros-system/src/pathserver/install/pathserver/bin'
[2.054s] INFO:colcon.colcon_core.shell:Creating package script '/home/ericlin/ros/ros-system/src/pathserver/install/pathserver/share/pathserver/package.ps1'
[2.055s] INFO:colcon.colcon_core.shell:Creating package descriptor '/home/ericlin/ros/ros-system/src/pathserver/install/pathserver/share/pathserver/package.dsv'
[2.055s] INFO:colcon.colcon_core.shell:Creating package script '/home/ericlin/ros/ros-system/src/pathserver/install/pathserver/share/pathserver/package.sh'
[2.056s] INFO:colcon.colcon_core.shell:Creating package script '/home/ericlin/ros/ros-system/src/pathserver/install/pathserver/share/pathserver/package.bash'
[2.056s] INFO:colcon.colcon_core.shell:Creating package script '/home/ericlin/ros/ros-system/src/pathserver/install/pathserver/share/pathserver/package.zsh'
[2.057s] Level 1:colcon.colcon_core.environment:create_file_with_runtime_dependencies(/home/ericlin/ros/ros-system/src/pathserver/install/pathserver/share/colcon-core/packages/pathserver)
[2.089s] Level 1:colcon.colcon_core.environment:create_environment_scripts_only(pathserver)
[2.100s] Level 1:colcon.colcon_core.environment:checking '/home/ericlin/ros/ros-system/src/pathserver/install/pathserver' for CMake module files
[2.100s] Level 1:colcon.colcon_core.environment:checking '/home/ericlin/ros/ros-system/src/pathserver/install/pathserver' for CMake config files
[2.100s] Level 1:colcon.colcon_core.shell:create_environment_hook('pathserver', 'cmake_prefix_path')
[2.111s] INFO:colcon.colcon_core.shell:Creating environment hook '/home/ericlin/ros/ros-system/src/pathserver/install/pathserver/share/pathserver/hook/cmake_prefix_path.ps1'
[2.111s] INFO:colcon.colcon_core.shell:Creating environment descriptor '/home/ericlin/ros/ros-system/src/pathserver/install/pathserver/share/pathserver/hook/cmake_prefix_path.dsv'
[2.111s] INFO:colcon.colcon_core.shell:Creating environment hook '/home/ericlin/ros/ros-system/src/pathserver/install/pathserver/share/pathserver/hook/cmake_prefix_path.sh'
[2.111s] Level 1:colcon.colcon_core.environment:checking '/home/ericlin/ros/ros-system/src/pathserver/install/pathserver/lib'
[2.112s] Level 1:colcon.colcon_core.environment:checking '/home/ericlin/ros/ros-system/src/pathserver/install/pathserver/bin'
[2.112s] Level 1:colcon.colcon_core.environment:checking '/home/ericlin/ros/ros-system/src/pathserver/install/pathserver/lib/pkgconfig/pathserver.pc'
[2.112s] Level 1:colcon.colcon_core.environment:checking '/home/ericlin/ros/ros-system/src/pathserver/install/pathserver/lib/python3.10/site-packages'
[2.112s] Level 1:colcon.colcon_core.environment:checking '/home/ericlin/ros/ros-system/src/pathserver/install/pathserver/bin'
[2.122s] INFO:colcon.colcon_core.shell:Creating package script '/home/ericlin/ros/ros-system/src/pathserver/install/pathserver/share/pathserver/package.ps1'
[2.123s] INFO:colcon.colcon_core.shell:Creating package descriptor '/home/ericlin/ros/ros-system/src/pathserver/install/pathserver/share/pathserver/package.dsv'
[2.123s] INFO:colcon.colcon_core.shell:Creating package script '/home/ericlin/ros/ros-system/src/pathserver/install/pathserver/share/pathserver/package.sh'
[2.123s] INFO:colcon.colcon_core.shell:Creating package script '/home/ericlin/ros/ros-system/src/pathserver/install/pathserver/share/pathserver/package.bash'
[2.123s] INFO:colcon.colcon_core.shell:Creating package script '/home/ericlin/ros/ros-system/src/pathserver/install/pathserver/share/pathserver/package.zsh'
[2.124s] Level 1:colcon.colcon_core.environment:create_file_with_runtime_dependencies(/home/ericlin/ros/ros-system/src/pathserver/install/pathserver/share/colcon-core/packages/pathserver)
[2.124s] DEBUG:colcon.colcon_parallel_executor.executor.parallel:closing loop
[2.125s] DEBUG:colcon.colcon_parallel_executor.executor.parallel:loop closed
[2.125s] DEBUG:colcon.colcon_parallel_executor.executor.parallel:run_until_complete finished with '0'
[2.125s] DEBUG:colcon.colcon_core.event_reactor:joining thread
[2.187s] INFO:colcon.colcon_core.plugin_system:Skipping extension 'colcon_notification.desktop_notification.notify_send': Could not find 'notify-send'
[2.187s] INFO:colcon.colcon_core.plugin_system:Skipping extension 'colcon_notification.desktop_notification.terminal_notifier': Not used on non-Darwin systems
[2.187s] INFO:colcon.colcon_core.plugin_system:Skipping extension 'colcon_notification.desktop_notification.win32': Not used on non-Windows systems
[2.187s] INFO:colcon.colcon_notification.desktop_notification:Sending desktop notification using 'notify2'
[2.187s] DEBUG:colcon.colcon_notification.desktop_notification.notify2:Failed to initialize notify2: org.freedesktop.DBus.Error.FileNotFound: Failed to connect to socket /run/user/1000/bus: No such file or directory
[2.187s] DEBUG:colcon.colcon_core.event_reactor:joined thread
[2.198s] INFO:colcon.colcon_core.shell:Creating prefix script '/home/ericlin/ros/ros-system/src/pathserver/install/local_setup.ps1'
[2.199s] INFO:colcon.colcon_core.shell:Creating prefix util module '/home/ericlin/ros/ros-system/src/pathserver/install/_local_setup_util_ps1.py'
[2.200s] INFO:colcon.colcon_core.shell:Creating prefix chain script '/home/ericlin/ros/ros-system/src/pathserver/install/setup.ps1'
[2.211s] INFO:colcon.colcon_core.shell:Creating prefix script '/home/ericlin/ros/ros-system/src/pathserver/install/local_setup.sh'
[2.211s] INFO:colcon.colcon_core.shell:Creating prefix util module '/home/ericlin/ros/ros-system/src/pathserver/install/_local_setup_util_sh.py'
[2.212s] INFO:colcon.colcon_core.shell:Creating prefix chain script '/home/ericlin/ros/ros-system/src/pathserver/install/setup.sh'
[2.230s] INFO:colcon.colcon_core.shell:Creating prefix script '/home/ericlin/ros/ros-system/src/pathserver/install/local_setup.bash'
[2.230s] INFO:colcon.colcon_core.shell:Creating prefix chain script '/home/ericlin/ros/ros-system/src/pathserver/install/setup.bash'
[2.242s] INFO:colcon.colcon_core.shell:Creating prefix script '/home/ericlin/ros/ros-system/src/pathserver/install/local_setup.zsh'
[2.242s] INFO:colcon.colcon_core.shell:Creating prefix chain script '/home/ericlin/ros/ros-system/src/pathserver/install/setup.zsh'
