[0.822s] DEBUG:colcon:Command line arguments: ['/usr/bin/colcon', 'build']
[0.822s] DEBUG:colcon:Parsed command line arguments: Namespace(log_base=None, log_level=None, verb_name='build', build_base='build', install_base='install', merge_install=False, symlink_install=False, test_result_base=None, continue_on_error=False, executor='parallel', parallel_workers=12, event_handlers=None, ignore_user_meta=False, metas=['./colcon.meta'], base_paths=['.'], packages_ignore=None, packages_ignore_regex=None, paths=None, packages_up_to=None, packages_up_to_regex=None, packages_above=None, packages_above_and_dependencies=None, packages_above_depth=None, packages_select_by_dep=None, packages_skip_by_dep=None, packages_skip_up_to=None, packages_select_build_failed=False, packages_skip_build_finished=False, packages_select_test_failures=False, packages_skip_test_passed=False, packages_select=None, packages_skip=None, packages_select_regex=None, packages_skip_regex=None, packages_start=None, packages_end=None, allow_overriding=[], cmake_args=None, cmake_target=None, cmake_target_skip_unavailable=False, cmake_clean_cache=False, cmake_clean_first=False, cmake_force_configure=False, ament_cmake_args=None, catkin_cmake_args=None, catkin_skip_building_tests=False, verb_parser=<colcon_defaults.argument_parser.defaults.DefaultArgumentsDecorator object at 0x7f32521a6260>, verb_extension=<colcon_core.verb.build.BuildVerb object at 0x7f32525ff100>, main=<bound method BuildVerb.main of <colcon_core.verb.build.BuildVerb object at 0x7f32525ff100>>)
[0.857s] Level 1:colcon.colcon_core.package_discovery:discover_packages(colcon_meta) check parameters
[0.858s] Level 1:colcon.colcon_core.package_discovery:discover_packages(recursive) check parameters
[0.858s] Level 1:colcon.colcon_core.package_discovery:discover_packages(ignore) check parameters
[0.858s] Level 1:colcon.colcon_core.package_discovery:discover_packages(path) check parameters
[0.858s] Level 1:colcon.colcon_core.package_discovery:discover_packages(colcon_meta) discover
[0.858s] Level 1:colcon.colcon_core.package_discovery:discover_packages(recursive) discover
[0.858s] INFO:colcon.colcon_core.package_discovery:Crawling recursively for packages in '/home/ericlin/ros/ros-system/src/pathserver'
[0.858s] Level 1:colcon.colcon_core.package_identification:_identify(.) by extensions ['ignore', 'ignore_ament_install']
[0.858s] Level 1:colcon.colcon_core.package_identification:_identify(.) by extension 'ignore'
[0.858s] Level 1:colcon.colcon_core.package_identification:_identify(.) by extension 'ignore_ament_install'
[0.858s] Level 1:colcon.colcon_core.package_identification:_identify(.) by extensions ['colcon_pkg']
[0.858s] Level 1:colcon.colcon_core.package_identification:_identify(.) by extension 'colcon_pkg'
[0.858s] Level 1:colcon.colcon_core.package_identification:_identify(.) by extensions ['colcon_meta']
[0.858s] Level 1:colcon.colcon_core.package_identification:_identify(.) by extension 'colcon_meta'
[0.858s] Level 1:colcon.colcon_core.package_identification:_identify(.) by extensions ['ros']
[0.858s] Level 1:colcon.colcon_core.package_identification:_identify(.) by extension 'ros'
[0.870s] DEBUG:colcon.colcon_core.package_identification:Package '.' with type 'ros.ament_cmake' and name 'pathserver'
[0.870s] Level 1:colcon.colcon_core.package_discovery:discover_packages(recursive) using defaults
[0.870s] Level 1:colcon.colcon_core.package_discovery:discover_packages(ignore) discover
[0.870s] Level 1:colcon.colcon_core.package_discovery:discover_packages(ignore) using defaults
[0.870s] Level 1:colcon.colcon_core.package_discovery:discover_packages(path) discover
[0.870s] Level 1:colcon.colcon_core.package_discovery:discover_packages(path) using defaults
[0.936s] Level 1:colcon.colcon_core.package_discovery:discover_packages(prefix_path) check parameters
[0.936s] Level 1:colcon.colcon_core.package_discovery:discover_packages(prefix_path) discover
[0.959s] DEBUG:colcon.colcon_installed_package_information.package_discovery:Found 288 installed packages in /opt/ros/humble
[0.960s] Level 1:colcon.colcon_core.package_discovery:discover_packages(prefix_path) using defaults
[1.032s] Level 5:colcon.colcon_core.verb:set package 'pathserver' build argument 'cmake_args' from command line to 'None'
[1.032s] Level 5:colcon.colcon_core.verb:set package 'pathserver' build argument 'cmake_target' from command line to 'None'
[1.032s] Level 5:colcon.colcon_core.verb:set package 'pathserver' build argument 'cmake_target_skip_unavailable' from command line to 'False'
[1.032s] Level 5:colcon.colcon_core.verb:set package 'pathserver' build argument 'cmake_clean_cache' from command line to 'False'
[1.032s] Level 5:colcon.colcon_core.verb:set package 'pathserver' build argument 'cmake_clean_first' from command line to 'False'
[1.032s] Level 5:colcon.colcon_core.verb:set package 'pathserver' build argument 'cmake_force_configure' from command line to 'False'
[1.032s] Level 5:colcon.colcon_core.verb:set package 'pathserver' build argument 'ament_cmake_args' from command line to 'None'
[1.032s] Level 5:colcon.colcon_core.verb:set package 'pathserver' build argument 'catkin_cmake_args' from command line to 'None'
[1.032s] Level 5:colcon.colcon_core.verb:set package 'pathserver' build argument 'catkin_skip_building_tests' from command line to 'False'
[1.032s] DEBUG:colcon.colcon_core.verb:Building package 'pathserver' with the following arguments: {'ament_cmake_args': None, 'build_base': '/home/ericlin/ros/ros-system/src/pathserver/build/pathserver', 'catkin_cmake_args': None, 'catkin_skip_building_tests': False, 'cmake_args': None, 'cmake_clean_cache': False, 'cmake_clean_first': False, 'cmake_force_configure': False, 'cmake_target': None, 'cmake_target_skip_unavailable': False, 'install_base': '/home/ericlin/ros/ros-system/src/pathserver/install/pathserver', 'merge_install': False, 'path': '/home/ericlin/ros/ros-system/src/pathserver', 'symlink_install': False, 'test_result_base': None}
[1.042s] INFO:colcon.colcon_core.executor:Executing jobs using 'parallel' executor
[1.053s] DEBUG:colcon.colcon_parallel_executor.executor.parallel:run_until_complete
[1.054s] INFO:colcon.colcon_ros.task.ament_cmake.build:Building ROS package in '/home/ericlin/ros/ros-system/src/pathserver' with build type 'ament_cmake'
[1.054s] INFO:colcon.colcon_cmake.task.cmake.build:Building CMake package in '/home/ericlin/ros/ros-system/src/pathserver'
[1.067s] INFO:colcon.colcon_core.plugin_system:Skipping extension 'colcon_core.shell.bat': Not used on non-Windows systems
[1.067s] INFO:colcon.colcon_core.shell:Skip shell extension 'powershell' for command environment: Not usable outside of PowerShell
[1.067s] DEBUG:colcon.colcon_core.shell:Skip shell extension 'dsv' for command environment
[1.096s] DEBUG:colcon.colcon_core.event_handler.log_command:Invoking command in '/home/ericlin/ros/ros-system/src/pathserver/build/pathserver': CMAKE_PREFIX_PATH=/opt/ros/humble /usr/bin/cmake --build /home/ericlin/ros/ros-system/src/pathserver/build/pathserver -- -j12 -l12
[1.213s] DEBUG:colcon.colcon_core.event_handler.log_command:Invoked command in '/home/ericlin/ros/ros-system/src/pathserver/build/pathserver' returned '2': CMAKE_PREFIX_PATH=/opt/ros/humble /usr/bin/cmake --build /home/ericlin/ros/ros-system/src/pathserver/build/pathserver -- -j12 -l12
[1.239s] Level 1:colcon.colcon_core.environment:create_environment_scripts_only(pathserver)
[1.251s] Level 1:colcon.colcon_core.environment:checking '/home/ericlin/ros/ros-system/src/pathserver/install/pathserver' for CMake module files
[1.251s] Level 1:colcon.colcon_core.environment:checking '/home/ericlin/ros/ros-system/src/pathserver/install/pathserver' for CMake config files
[1.252s] Level 1:colcon.colcon_core.environment:checking '/home/ericlin/ros/ros-system/src/pathserver/install/pathserver/bin'
[1.252s] Level 1:colcon.colcon_core.environment:checking '/home/ericlin/ros/ros-system/src/pathserver/install/pathserver/lib/pkgconfig/pathserver.pc'
[1.252s] Level 1:colcon.colcon_core.environment:checking '/home/ericlin/ros/ros-system/src/pathserver/install/pathserver/lib/python3.10/site-packages'
[1.252s] Level 1:colcon.colcon_core.environment:checking '/home/ericlin/ros/ros-system/src/pathserver/install/pathserver/bin'
[1.264s] INFO:colcon.colcon_core.shell:Creating package script '/home/ericlin/ros/ros-system/src/pathserver/install/pathserver/share/pathserver/package.ps1'
[1.265s] INFO:colcon.colcon_core.shell:Creating package descriptor '/home/ericlin/ros/ros-system/src/pathserver/install/pathserver/share/pathserver/package.dsv'
[1.265s] INFO:colcon.colcon_core.shell:Creating package script '/home/ericlin/ros/ros-system/src/pathserver/install/pathserver/share/pathserver/package.sh'
[1.266s] INFO:colcon.colcon_core.shell:Creating package script '/home/ericlin/ros/ros-system/src/pathserver/install/pathserver/share/pathserver/package.bash'
[1.266s] INFO:colcon.colcon_core.shell:Creating package script '/home/ericlin/ros/ros-system/src/pathserver/install/pathserver/share/pathserver/package.zsh'
[1.267s] Level 1:colcon.colcon_core.environment:create_file_with_runtime_dependencies(/home/ericlin/ros/ros-system/src/pathserver/install/pathserver/share/colcon-core/packages/pathserver)
[1.277s] DEBUG:colcon.colcon_parallel_executor.executor.parallel:closing loop
[1.277s] DEBUG:colcon.colcon_parallel_executor.executor.parallel:loop closed
[1.277s] DEBUG:colcon.colcon_parallel_executor.executor.parallel:run_until_complete finished with '2'
[1.278s] DEBUG:colcon.colcon_core.event_reactor:joining thread
[1.346s] INFO:colcon.colcon_core.plugin_system:Skipping extension 'colcon_notification.desktop_notification.notify_send': Could not find 'notify-send'
[1.346s] INFO:colcon.colcon_core.plugin_system:Skipping extension 'colcon_notification.desktop_notification.terminal_notifier': Not used on non-Darwin systems
[1.346s] INFO:colcon.colcon_core.plugin_system:Skipping extension 'colcon_notification.desktop_notification.win32': Not used on non-Windows systems
[1.346s] INFO:colcon.colcon_notification.desktop_notification:Sending desktop notification using 'notify2'
[1.346s] DEBUG:colcon.colcon_notification.desktop_notification.notify2:Failed to initialize notify2: org.freedesktop.DBus.Error.FileNotFound: Failed to connect to socket /run/user/1000/bus: No such file or directory
[1.346s] DEBUG:colcon.colcon_core.event_reactor:joined thread
[1.358s] INFO:colcon.colcon_core.shell:Creating prefix script '/home/ericlin/ros/ros-system/src/pathserver/install/local_setup.ps1'
[1.358s] INFO:colcon.colcon_core.shell:Creating prefix util module '/home/ericlin/ros/ros-system/src/pathserver/install/_local_setup_util_ps1.py'
[1.359s] INFO:colcon.colcon_core.shell:Creating prefix chain script '/home/ericlin/ros/ros-system/src/pathserver/install/setup.ps1'
[1.371s] INFO:colcon.colcon_core.shell:Creating prefix script '/home/ericlin/ros/ros-system/src/pathserver/install/local_setup.sh'
[1.371s] INFO:colcon.colcon_core.shell:Creating prefix util module '/home/ericlin/ros/ros-system/src/pathserver/install/_local_setup_util_sh.py'
[1.371s] INFO:colcon.colcon_core.shell:Creating prefix chain script '/home/ericlin/ros/ros-system/src/pathserver/install/setup.sh'
[1.383s] INFO:colcon.colcon_core.shell:Creating prefix script '/home/ericlin/ros/ros-system/src/pathserver/install/local_setup.bash'
[1.383s] INFO:colcon.colcon_core.shell:Creating prefix chain script '/home/ericlin/ros/ros-system/src/pathserver/install/setup.bash'
[1.394s] INFO:colcon.colcon_core.shell:Creating prefix script '/home/ericlin/ros/ros-system/src/pathserver/install/local_setup.zsh'
[1.395s] INFO:colcon.colcon_core.shell:Creating prefix chain script '/home/ericlin/ros/ros-system/src/pathserver/install/setup.zsh'
