[0.040s] Invoking command in '/home/ericlin/ros/ros-system/src/pathserver/build/pathserver': CMAKE_PREFIX_PATH=/opt/ros/humble /usr/bin/cmake --build /home/ericlin/ros/ros-system/src/pathserver/build/pathserver -- -j12 -l12
[0.061s] [35m[1mConsolidate compiler generated dependencies of target server[0m
[0.071s] [ 12%] [32mBuilding CXX object CMakeFiles/server.dir/src/QuadTree.cpp.o[0m
[0.071s] [ 25%] [32mBuilding CXX object CMakeFiles/server.dir/src/disc.cpp.o[0m
[0.757s] [ 37%] [32m[1mLinking CXX executable server[0m
[0.908s] [100%] Built target server
[0.916s] Invoked command in '/home/ericlin/ros/ros-system/src/pathserver/build/pathserver' returned '0': CMAKE_PREFIX_PATH=/opt/ros/humble /usr/bin/cmake --build /home/ericlin/ros/ros-system/src/pathserver/build/pathserver -- -j12 -l12
[0.945s] Invoking command in '/home/ericlin/ros/ros-system/src/pathserver/build/pathserver': CMAKE_PREFIX_PATH=/opt/ros/humble /usr/bin/cmake --install /home/ericlin/ros/ros-system/src/pathserver/build/pathserver
[0.949s] -- Install configuration: ""
[0.950s] -- Installing: /home/ericlin/ros/ros-system/src/pathserver/install/pathserver/lib/pathserver/server
[0.950s] -- Installing: /home/ericlin/ros/ros-system/src/pathserver/install/pathserver/share/ament_index/resource_index/package_run_dependencies/pathserver
[0.950s] -- Installing: /home/ericlin/ros/ros-system/src/pathserver/install/pathserver/share/ament_index/resource_index/parent_prefix_path/pathserver
[0.951s] -- Installing: /home/ericlin/ros/ros-system/src/pathserver/install/pathserver/share/pathserver/environment/ament_prefix_path.sh
[0.951s] -- Installing: /home/ericlin/ros/ros-system/src/pathserver/install/pathserver/share/pathserver/environment/ament_prefix_path.dsv
[0.951s] -- Installing: /home/ericlin/ros/ros-system/src/pathserver/install/pathserver/share/pathserver/environment/path.sh
[0.951s] -- Installing: /home/ericlin/ros/ros-system/src/pathserver/install/pathserver/share/pathserver/environment/path.dsv
[0.951s] -- Installing: /home/ericlin/ros/ros-system/src/pathserver/install/pathserver/share/pathserver/local_setup.bash
[0.951s] -- Installing: /home/ericlin/ros/ros-system/src/pathserver/install/pathserver/share/pathserver/local_setup.sh
[0.951s] -- Installing: /home/ericlin/ros/ros-system/src/pathserver/install/pathserver/share/pathserver/local_setup.zsh
[0.952s] -- Installing: /home/ericlin/ros/ros-system/src/pathserver/install/pathserver/share/pathserver/local_setup.dsv
[0.952s] -- Installing: /home/ericlin/ros/ros-system/src/pathserver/install/pathserver/share/pathserver/package.dsv
[0.952s] -- Installing: /home/ericlin/ros/ros-system/src/pathserver/install/pathserver/share/ament_index/resource_index/packages/pathserver
[0.952s] -- Installing: /home/ericlin/ros/ros-system/src/pathserver/install/pathserver/share/pathserver/cmake/pathserverConfig.cmake
[0.952s] -- Installing: /home/ericlin/ros/ros-system/src/pathserver/install/pathserver/share/pathserver/cmake/pathserverConfig-version.cmake
[0.952s] -- Installing: /home/ericlin/ros/ros-system/src/pathserver/install/pathserver/share/pathserver/package.xml
[0.954s] Invoked command in '/home/ericlin/ros/ros-system/src/pathserver/build/pathserver' returned '0': CMAKE_PREFIX_PATH=/opt/ros/humble /usr/bin/cmake --install /home/ericlin/ros/ros-system/src/pathserver/build/pathserver
